2025-05-11T13:14:12.888Z [INFO]: Executing (default): SELECT 1+1 AS result
2025-05-11T13:14:13.174Z [INFO]: postgresDB Connected....
2025-05-11T13:14:31.770Z [INFO]: Executing (default): SELECT 1+1 AS result
2025-05-11T13:14:32.041Z [INFO]: postgresDB Connected....
2025-05-11T13:14:32.041Z [INFO]: Database connected successfully.
2025-05-12T17:26:17.670Z [INFO]: Executing (default): SELECT 1+1 AS result
2025-05-12T17:26:19.120Z [INFO]: postgresDB Connected....
2025-05-12T17:26:19.120Z [INFO]: Database connected successfully.
2025-05-12T17:28:15.792Z [INFO]: Executing (default): SELECT 1+1 AS result
2025-05-12T17:28:16.075Z [INFO]: postgresDB Connected....
2025-05-12T17:28:16.076Z [INFO]: Database connected successfully.
2025-05-12T17:31:46.640Z [INFO]: Executing (default): SELECT 1+1 AS result
2025-05-12T17:31:47.940Z [INFO]: postgresDB Connected....
2025-05-12T17:31:47.940Z [INFO]: Database connected successfully.
2025-05-12T17:33:07.080Z [INFO]: Executing (default): SELECT 1+1 AS result
2025-05-12T17:33:07.380Z [INFO]: postgresDB Connected....
2025-05-12T17:33:07.380Z [INFO]: Database connected successfully.
2025-05-12T17:33:09.556Z [ERROR]: Service DEBUG:  productRepo.Product is not a function
2025-05-12T17:33:09.560Z [ERROR]: Unhandled error: Right-hand side of 'instanceof' is not an object
2025-05-12T17:33:52.353Z [INFO]: Executing (default): SELECT 1+1 AS result
2025-05-12T17:33:53.829Z [INFO]: postgresDB Connected....
2025-05-12T17:33:53.829Z [INFO]: Database connected successfully.
2025-05-12T17:33:56.868Z [ERROR]: Error in getAllProducts repository: Product.findAll is not a function
2025-05-12T17:33:56.870Z [ERROR]: Service DEBUG:  Product.findAll is not a function
2025-05-12T17:33:56.871Z [ERROR]: Unhandled error: Right-hand side of 'instanceof' is not an object
2025-05-12T17:33:59.024Z [ERROR]: Error in getAllProducts repository: Product.findAll is not a function
2025-05-12T17:33:59.025Z [ERROR]: Service DEBUG:  Product.findAll is not a function
2025-05-12T17:33:59.026Z [ERROR]: Unhandled error: Right-hand side of 'instanceof' is not an object
2025-05-12T17:37:18.891Z [INFO]: Executing (default): SELECT 1+1 AS result
2025-05-12T17:37:19.761Z [INFO]: postgresDB Connected....
2025-05-12T17:37:19.761Z [INFO]: Database connected successfully.
2025-05-12T17:37:33.778Z [ERROR]: Error in getAllProducts repository: WHERE parameter "orgId" has invalid "undefined" value
2025-05-12T17:37:33.779Z [ERROR]: Service DEBUG:  WHERE parameter "orgId" has invalid "undefined" value
2025-05-12T17:37:33.781Z [ERROR]: Unhandled error: Right-hand side of 'instanceof' is not an object
2025-05-12T17:38:24.955Z [INFO]: Executing (default): SELECT 1+1 AS result
2025-05-12T17:38:25.233Z [INFO]: postgresDB Connected....
2025-05-12T17:38:25.234Z [INFO]: Database connected successfully.
2025-05-12T17:38:27.636Z [INFO]: Executing (default): SELECT "id", "productCode", "productName", "category", "productType", "organizationID", "minInterestRatePerAnnum", "maxInterestRatePerAnnum", "minimumPrincipalAmount", "maximumPrincipalAmount", "minTenurePeriodInMonths", "maxTenurePeriodInMonths", "status", "deactivatedAt", "createdAt", "updatedAt" FROM "products" AS "products" WHERE "products"."orgId" = ':orgId';
2025-05-12T17:38:28.617Z [ERROR]: Error in getAllProducts repository: column products.orgId does not exist
2025-05-12T17:38:28.617Z [ERROR]: Service DEBUG:  column products.orgId does not exist
2025-05-12T17:38:28.619Z [ERROR]: Unhandled error: Right-hand side of 'instanceof' is not an object
2025-05-12T17:41:36.084Z [INFO]: Executing (default): SELECT 1+1 AS result
2025-05-12T17:41:36.631Z [INFO]: postgresDB Connected....
2025-05-12T17:41:36.631Z [INFO]: Database connected successfully.
2025-05-12T17:42:53.279Z [INFO]: Executing (default): SELECT "id", "productCode", "productName", "category", "productType", "organizationID", "minInterestRatePerAnnum", "maxInterestRatePerAnnum", "minimumPrincipalAmount", "maximumPrincipalAmount", "minTenurePeriodInMonths", "maxTenurePeriodInMonths", "status", "deactivatedAt", "createdAt", "updatedAt" FROM "products" AS "products" WHERE "products"."organizationID" = ':orgId';
2025-05-12T17:42:54.844Z [ERROR]: Error in getAllProducts repository: invalid input syntax for type integer: ":orgId"
2025-05-12T17:42:54.844Z [ERROR]: Service DEBUG:  invalid input syntax for type integer: ":orgId"
2025-05-12T17:42:54.845Z [ERROR]: Unhandled error: Right-hand side of 'instanceof' is not an object
2025-05-12T17:47:22.434Z [INFO]: Executing (default): SELECT 1+1 AS result
2025-05-12T17:47:23.733Z [INFO]: postgresDB Connected....
2025-05-12T17:47:23.734Z [INFO]: Database connected successfully.
2025-05-12T17:47:24.033Z [INFO]: Executing (default): SELECT "id", "productCode", "productName", "category", "productType", "organizationID", "minInterestRatePerAnnum", "maxInterestRatePerAnnum", "minimumPrincipalAmount", "maximumPrincipalAmount", "minTenurePeriodInMonths", "maxTenurePeriodInMonths", "status", "deactivatedAt", "createdAt", "updatedAt" FROM "products" AS "products" WHERE "products"."organizationID" = ':orgId';
2025-05-12T17:47:24.319Z [ERROR]: Error in getAllProducts repository: invalid input syntax for type integer: ":orgId"
2025-05-12T17:47:24.320Z [ERROR]: Service DEBUG:  invalid input syntax for type integer: ":orgId"
2025-05-12T17:47:24.321Z [ERROR]: Unhandled error: Right-hand side of 'instanceof' is not an object
2025-05-12T17:48:04.691Z [INFO]: Executing (default): SELECT 1+1 AS result
2025-05-12T17:48:04.970Z [INFO]: postgresDB Connected....
2025-05-12T17:48:04.970Z [INFO]: Database connected successfully.
2025-05-12T17:48:22.318Z [INFO]: Executing (default): SELECT "id", "productCode", "productName", "category", "productType", "organizationID", "minInterestRatePerAnnum", "maxInterestRatePerAnnum", "minimumPrincipalAmount", "maximumPrincipalAmount", "minTenurePeriodInMonths", "maxTenurePeriodInMonths", "status", "deactivatedAt", "createdAt", "updatedAt" FROM "products" AS "products" WHERE "products"."organizationID" = ':orgId';
2025-05-12T17:48:22.555Z [ERROR]: Error in getAllProducts repository: invalid input syntax for type integer: ":orgId"
2025-05-12T17:48:22.556Z [ERROR]: Service DEBUG:  invalid input syntax for type integer: ":orgId"
2025-05-12T17:48:22.558Z [ERROR]: Unhandled error: Right-hand side of 'instanceof' is not an object
2025-05-12T17:50:04.785Z [INFO]: Executing (default): SELECT 1+1 AS result
2025-05-12T17:50:05.063Z [INFO]: postgresDB Connected....
2025-05-12T17:50:05.064Z [INFO]: Database connected successfully.
2025-05-12T17:50:07.665Z [INFO]: Executing (default): SELECT "id", "productCode", "productName", "category", "productType", "organizationID", "minInterestRatePerAnnum", "maxInterestRatePerAnnum", "minimumPrincipalAmount", "maximumPrincipalAmount", "minTenurePeriodInMonths", "maxTenurePeriodInMonths", "status", "deactivatedAt", "createdAt", "updatedAt" FROM "products" AS "products" WHERE "products"."organizationID" = ':orgId';
2025-05-12T17:50:08.687Z [ERROR]: Error in getAllProducts repository: invalid input syntax for type integer: ":orgId"
2025-05-12T17:50:08.688Z [ERROR]: Service DEBUG:  invalid input syntax for type integer: ":orgId"
2025-05-12T17:50:08.689Z [ERROR]: Unhandled error: Right-hand side of 'instanceof' is not an object
2025-05-12T17:52:16.782Z [INFO]: Executing (default): SELECT 1+1 AS result
2025-05-12T17:52:17.075Z [INFO]: postgresDB Connected....
2025-05-12T17:52:17.075Z [INFO]: Database connected successfully.
2025-05-12T17:52:58.117Z [INFO]: Executing (default): SELECT 1+1 AS result
2025-05-12T17:52:58.349Z [INFO]: postgresDB Connected....
2025-05-12T17:52:58.349Z [INFO]: Database connected successfully.
2025-05-12T17:53:36.739Z [INFO]: Executing (default): SELECT "id", "productCode", "productName", "category", "productType", "organizationID", "minInterestRatePerAnnum", "maxInterestRatePerAnnum", "minimumPrincipalAmount", "maximumPrincipalAmount", "minTenurePeriodInMonths", "maxTenurePeriodInMonths", "status", "deactivatedAt", "createdAt", "updatedAt" FROM "products" AS "products" WHERE "products"."organizationID" = '1';
2025-05-12T17:53:37.856Z [ERROR]: Unhandled error: Right-hand side of 'instanceof' is not an object
2025-05-12T17:56:04.710Z [INFO]: Executing (default): SELECT 1+1 AS result
2025-05-12T17:56:05.020Z [INFO]: postgresDB Connected....
2025-05-12T17:56:05.020Z [INFO]: Database connected successfully.
2025-05-12T17:56:12.152Z [INFO]: Executing (default): SELECT "id", "productCode", "productName", "category", "productType", "organizationID", "minInterestRatePerAnnum", "maxInterestRatePerAnnum", "minimumPrincipalAmount", "maximumPrincipalAmount", "minTenurePeriodInMonths", "maxTenurePeriodInMonths", "status", "deactivatedAt", "createdAt", "updatedAt" FROM "products" AS "products" WHERE "products"."organizationID" = '1';
2025-05-12T17:57:26.117Z [INFO]: Executing (default): SELECT 1+1 AS result
2025-05-12T17:57:26.386Z [INFO]: postgresDB Connected....
2025-05-12T17:57:26.386Z [INFO]: Database connected successfully.
2025-05-12T17:57:43.941Z [INFO]: Executing (default): SELECT "id", "productCode", "productName", "category", "productType", "organizationID", "minInterestRatePerAnnum", "maxInterestRatePerAnnum", "minimumPrincipalAmount", "maximumPrincipalAmount", "minTenurePeriodInMonths", "maxTenurePeriodInMonths", "status", "deactivatedAt", "createdAt", "updatedAt" FROM "products" AS "products" WHERE "products"."organizationID" = '1';
2025-05-12T18:26:43.415Z [INFO]: Executing (default): SELECT 1+1 AS result
2025-05-12T18:26:43.712Z [INFO]: postgresDB Connected....
2025-05-12T18:26:43.712Z [INFO]: Database connected successfully.
2025-05-12T18:26:57.775Z [INFO]: Executing (default): SELECT "id", "productCode", "productName", "category", "productType", "organizationID", "minInterestRatePerAnnum", "maxInterestRatePerAnnum", "minimumPrincipalAmount", "maximumPrincipalAmount", "minTenurePeriodInMonths", "maxTenurePeriodInMonths", "status", "deactivatedAt", "createdAt", "updatedAt" FROM "products" AS "products" WHERE "products"."organizationID" = '1';
2025-05-12T18:27:05.264Z [INFO]: Executing (default): SELECT "id", "productCode", "productName", "category", "productType", "organizationID", "minInterestRatePerAnnum", "maxInterestRatePerAnnum", "minimumPrincipalAmount", "maximumPrincipalAmount", "minTenurePeriodInMonths", "maxTenurePeriodInMonths", "status", "deactivatedAt", "createdAt", "updatedAt" FROM "products" AS "products" WHERE "products"."organizationID" = '2';
2025-05-12T18:27:50.923Z [INFO]: Executing (default): SELECT 1+1 AS result
2025-05-12T18:27:51.187Z [INFO]: postgresDB Connected....
2025-05-12T18:27:51.187Z [INFO]: Database connected successfully.
2025-05-12T18:30:25.154Z [INFO]: Executing (default): SELECT "id", "productCode", "productName", "category", "productType", "organizationID", "minInterestRatePerAnnum", "maxInterestRatePerAnnum", "minimumPrincipalAmount", "maximumPrincipalAmount", "minTenurePeriodInMonths", "maxTenurePeriodInMonths", "status", "deactivatedAt", "createdAt", "updatedAt" FROM "products" AS "products" WHERE "products"."organizationID" = '2' AND "products"."status" = 'ACTIVE';
2025-05-12T18:30:53.523Z [INFO]: Executing (default): SELECT "id", "productCode", "productName", "category", "productType", "organizationID", "minInterestRatePerAnnum", "maxInterestRatePerAnnum", "minimumPrincipalAmount", "maximumPrincipalAmount", "minTenurePeriodInMonths", "maxTenurePeriodInMonths", "status", "deactivatedAt", "createdAt", "updatedAt" FROM "products" AS "products" WHERE "products"."organizationID" = '2' AND "products"."status" = 'ACTIVE';
2025-05-12T20:05:15.745Z [INFO]: Executing (default): SELECT 1+1 AS result
2025-05-12T20:05:16.022Z [INFO]: postgresDB Connected....
2025-05-12T20:05:16.022Z [INFO]: Database connected successfully.
2025-05-12T20:05:39.775Z [ERROR]: Service DEBUG:  Failed to generate lead ID
2025-05-12T20:05:39.777Z [ERROR]: Unhandled error: Right-hand side of 'instanceof' is not an object
2025-05-12T20:08:40.702Z [INFO]: Executing (default): SELECT 1+1 AS result
2025-05-12T20:08:41.205Z [INFO]: postgresDB Connected....
2025-05-12T20:08:41.206Z [INFO]: Database connected successfully.
2025-05-12T20:08:49.548Z [ERROR]: Service DEBUG:  Failed to generate lead ID
2025-05-12T20:08:49.552Z [ERROR]: Unhandled error: Right-hand side of 'instanceof' is not an object
2025-05-12T20:23:27.899Z [INFO]: Executing (default): SELECT 1+1 AS result
2025-05-12T20:23:28.781Z [INFO]: postgresDB Connected....
2025-05-12T20:23:28.781Z [INFO]: Database connected successfully.
2025-05-12T20:23:34.812Z [ERROR]: Service DEBUG:  productInfo is not defined
2025-05-12T20:23:34.814Z [ERROR]: Unhandled error: Right-hand side of 'instanceof' is not an object
2025-05-12T20:24:32.434Z [INFO]: Executing (default): SELECT 1+1 AS result
2025-05-12T20:24:34.044Z [INFO]: postgresDB Connected....
2025-05-12T20:24:34.044Z [INFO]: Database connected successfully.
2025-05-12T20:24:36.359Z [ERROR]: Service DEBUG:  productInfo is not defined
2025-05-12T20:24:36.363Z [ERROR]: Unhandled error: Right-hand side of 'instanceof' is not an object
2025-05-12T20:27:47.616Z [INFO]: Executing (default): SELECT 1+1 AS result
2025-05-12T20:27:47.897Z [INFO]: postgresDB Connected....
2025-05-12T20:27:47.897Z [INFO]: Database connected successfully.
2025-05-12T20:27:55.669Z [ERROR]: Service DEBUG:  Failed to generate lead ID
2025-05-12T20:27:55.671Z [ERROR]: Unhandled error: Right-hand side of 'instanceof' is not an object
2025-05-12T20:29:32.440Z [INFO]: Executing (default): SELECT 1+1 AS result
2025-05-12T20:29:32.718Z [INFO]: postgresDB Connected....
2025-05-12T20:29:32.718Z [INFO]: Database connected successfully.
2025-05-12T20:29:36.669Z [ERROR]: Service DEBUG:  db is not defined
2025-05-12T20:29:36.671Z [ERROR]: Unhandled error: Right-hand side of 'instanceof' is not an object
2025-05-12T20:33:51.080Z [INFO]: Executing (default): SELECT 1+1 AS result
2025-05-12T20:33:51.357Z [INFO]: postgresDB Connected....
2025-05-12T20:33:51.358Z [INFO]: Database connected successfully.
2025-05-12T20:33:53.986Z [ERROR]: Service DEBUG:  db is not defined
2025-05-12T20:33:53.988Z [ERROR]: Unhandled error: Right-hand side of 'instanceof' is not an object
2025-05-12T20:36:04.264Z [INFO]: Executing (default): SELECT 1+1 AS result
2025-05-12T20:36:04.537Z [INFO]: postgresDB Connected....
2025-05-12T20:36:04.537Z [INFO]: Database connected successfully.
2025-05-12T20:36:36.744Z [ERROR]: Service DEBUG:  db is not defined
2025-05-12T20:36:36.747Z [ERROR]: Unhandled error: Right-hand side of 'instanceof' is not an object
2025-05-12T20:37:16.104Z [INFO]: Executing (default): SELECT "id", "productCode", "productName", "category", "productType", "organizationID", "minInterestRatePerAnnum", "maxInterestRatePerAnnum", "minimumPrincipalAmount", "maximumPrincipalAmount", "minTenurePeriodInMonths", "maxTenurePeriodInMonths", "status", "deactivatedAt", "createdAt", "updatedAt" FROM "products" AS "products" WHERE "products"."organizationID" = '2' AND "products"."status" = 'ACTIVE';
2025-05-12T20:38:48.737Z [INFO]: Executing (default): SELECT 1+1 AS result
2025-05-12T20:38:49.117Z [INFO]: postgresDB Connected....
2025-05-12T20:38:49.118Z [INFO]: Database connected successfully.
2025-05-12T20:38:51.412Z [INFO]: Executing (default): SELECT "id", "productCode", "productName", "category", "productType", "organizationID", "minInterestRatePerAnnum", "maxInterestRatePerAnnum", "minimumPrincipalAmount", "maximumPrincipalAmount", "minTenurePeriodInMonths", "maxTenurePeriodInMonths", "status", "deactivatedAt", "createdAt", "updatedAt" FROM "products" AS "products" WHERE "products"."organizationID" = '2' AND "products"."status" = 'ACTIVE';
2025-05-12T20:38:54.741Z [INFO]: Executing (9f5ea3cd-9c0d-4e66-bff6-fc892331723b): START TRANSACTION;
2025-05-12T20:38:56.135Z [ERROR]: Error in getAllProducts repository: db.products.finfOne is not a function
2025-05-12T20:38:56.138Z [INFO]: Executing (9f5ea3cd-9c0d-4e66-bff6-fc892331723b): ROLLBACK;
2025-05-12T20:38:56.430Z [ERROR]: Transaction error: db.products.finfOne is not a function
2025-05-12T20:38:56.431Z [ERROR]: Service DEBUG:  db.products.finfOne is not a function
2025-05-12T20:38:56.432Z [ERROR]: Unhandled error: Right-hand side of 'instanceof' is not an object
2025-05-12T20:40:49.011Z [INFO]: Executing (default): SELECT 1+1 AS result
2025-05-12T20:40:50.289Z [INFO]: postgresDB Connected....
2025-05-12T20:40:50.290Z [INFO]: Database connected successfully.
2025-05-12T20:40:52.802Z [INFO]: Executing (1dc1b26f-e598-4b0a-926f-3dd88960a295): START TRANSACTION;
2025-05-12T20:41:02.440Z [INFO]: Executing (default): SELECT "id", "productCode", "productName", "category", "productType", "organizationID", "minInterestRatePerAnnum", "maxInterestRatePerAnnum", "minimumPrincipalAmount", "maximumPrincipalAmount", "minTenurePeriodInMonths", "maxTenurePeriodInMonths", "status", "deactivatedAt", "createdAt", "updatedAt" FROM "products" AS "products" WHERE "products"."organizationId" = '2' AND "products"."productId" = 1 AND "products"."status" = 'ACTIVE' LIMIT 1;
2025-05-12T20:41:02.778Z [ERROR]: Error in getAllProducts repository: column products.organizationId does not exist
2025-05-12T20:41:02.779Z [INFO]: Executing (1dc1b26f-e598-4b0a-926f-3dd88960a295): ROLLBACK;
2025-05-12T20:41:04.398Z [ERROR]: Transaction error: column products.organizationId does not exist
2025-05-12T20:41:04.398Z [ERROR]: Service DEBUG:  column products.organizationId does not exist
2025-05-12T20:41:04.399Z [ERROR]: Unhandled error: Right-hand side of 'instanceof' is not an object
2025-05-12T20:42:27.239Z [INFO]: Executing (default): SELECT 1+1 AS result
2025-05-12T20:42:27.990Z [INFO]: postgresDB Connected....
2025-05-12T20:42:27.991Z [INFO]: Database connected successfully.
2025-05-12T20:42:33.552Z [INFO]: Executing (62332d41-9026-4ab2-bb54-3cd7ca0300a6): START TRANSACTION;
2025-05-12T20:42:38.089Z [INFO]: Executing (default): SELECT "id", "productCode", "productName", "category", "productType", "organizationID", "minInterestRatePerAnnum", "maxInterestRatePerAnnum", "minimumPrincipalAmount", "maximumPrincipalAmount", "minTenurePeriodInMonths", "maxTenurePeriodInMonths", "status", "deactivatedAt", "createdAt", "updatedAt" FROM "products" AS "products" WHERE "products"."organizationID" = '2' AND "products"."productId" = 1 AND "products"."status" = 'ACTIVE' LIMIT 1;
2025-05-12T20:42:39.075Z [ERROR]: Error in getAllProducts repository: column products.productId does not exist
2025-05-12T20:42:39.076Z [INFO]: Executing (62332d41-9026-4ab2-bb54-3cd7ca0300a6): ROLLBACK;
2025-05-12T20:42:39.362Z [ERROR]: Transaction error: column products.productId does not exist
2025-05-12T20:42:39.362Z [ERROR]: Service DEBUG:  column products.productId does not exist
2025-05-12T20:42:39.364Z [ERROR]: Unhandled error: Right-hand side of 'instanceof' is not an object
2025-05-12T20:43:05.119Z [INFO]: Executing (default): SELECT 1+1 AS result
2025-05-12T20:43:05.408Z [INFO]: postgresDB Connected....
2025-05-12T20:43:05.409Z [INFO]: Database connected successfully.
2025-05-12T20:43:24.717Z [INFO]: Executing (cb850816-d960-4d98-9f38-299b33af8dcb): START TRANSACTION;
2025-05-12T20:43:26.998Z [INFO]: Executing (default): SELECT "id", "productCode", "productName", "category", "productType", "organizationID", "minInterestRatePerAnnum", "maxInterestRatePerAnnum", "minimumPrincipalAmount", "maximumPrincipalAmount", "minTenurePeriodInMonths", "maxTenurePeriodInMonths", "status", "deactivatedAt", "createdAt", "updatedAt" FROM "products" AS "products" WHERE "products"."organizationID" = '2' AND "products"."id" = 1 AND "products"."status" = 'ACTIVE';
2025-05-12T20:43:27.280Z [INFO]: Executing (cb850816-d960-4d98-9f38-299b33af8dcb): ROLLBACK;
2025-05-12T20:43:27.577Z [ERROR]: Transaction error: Invalid Product
2025-05-12T20:43:27.577Z [ERROR]: Service DEBUG:  Invalid Product
2025-05-12T20:43:27.579Z [ERROR]: Unhandled error: Right-hand side of 'instanceof' is not an object
2025-05-12T20:45:26.961Z [INFO]: Executing (default): SELECT 1+1 AS result
2025-05-12T20:45:27.240Z [INFO]: postgresDB Connected....
2025-05-12T20:45:27.240Z [INFO]: Database connected successfully.
2025-05-12T20:45:50.319Z [INFO]: Executing (1d72589e-366c-4022-bc0f-1862b34d0981): START TRANSACTION;
2025-05-12T20:45:52.966Z [INFO]: Executing (default): SELECT "id", "productCode", "productName", "category", "productType", "organizationID", "minInterestRatePerAnnum", "maxInterestRatePerAnnum", "minimumPrincipalAmount", "maximumPrincipalAmount", "minTenurePeriodInMonths", "maxTenurePeriodInMonths", "status", "deactivatedAt", "createdAt", "updatedAt" FROM "products" AS "products" WHERE "products"."organizationID" = '2' AND "products"."id" = 1 AND "products"."status" = 'ACTIVE';
2025-05-12T20:45:53.238Z [INFO]: Executing (1d72589e-366c-4022-bc0f-1862b34d0981): ROLLBACK;
2025-05-12T20:45:53.517Z [ERROR]: Transaction error: Invalid Product
2025-05-12T20:45:53.517Z [ERROR]: Service DEBUG:  Invalid Product
2025-05-12T20:45:53.518Z [ERROR]: Unhandled error: Right-hand side of 'instanceof' is not an object
2025-05-12T20:49:54.327Z [INFO]: Executing (default): SELECT 1+1 AS result
2025-05-12T20:49:56.525Z [INFO]: postgresDB Connected....
2025-05-12T20:49:56.525Z [INFO]: Database connected successfully.
2025-05-12T20:50:10.789Z [INFO]: Executing (19ee22be-c27d-4901-99f0-e64109d82c7d): START TRANSACTION;
2025-05-12T20:50:14.134Z [INFO]: Executing (default): SELECT "id", "productCode", "productName", "category", "productType", "organizationID", "minInterestRatePerAnnum", "maxInterestRatePerAnnum", "minimumPrincipalAmount", "maximumPrincipalAmount", "minTenurePeriodInMonths", "maxTenurePeriodInMonths", "status", "deactivatedAt", "createdAt", "updatedAt" FROM "products" AS "products" WHERE "products"."organizationID" = '2' AND "products"."id" = 1 AND "products"."status" = 'ACTIVE';
2025-05-12T20:50:14.420Z [INFO]: Executing (19ee22be-c27d-4901-99f0-e64109d82c7d): ROLLBACK;
2025-05-12T20:50:14.694Z [ERROR]: Transaction error: Invalid Product
2025-05-12T20:52:47.285Z [INFO]: Executing (default): SELECT 1+1 AS result
2025-05-12T20:52:47.556Z [INFO]: postgresDB Connected....
2025-05-12T20:52:47.556Z [INFO]: Database connected successfully.
2025-05-12T20:53:00.895Z [INFO]: Executing (965c88e4-35ec-49db-a70b-257edec89b22): START TRANSACTION;
2025-05-12T20:53:04.581Z [INFO]: Executing (default): SELECT "id", "productCode", "productName", "category", "productType", "organizationID", "minInterestRatePerAnnum", "maxInterestRatePerAnnum", "minimumPrincipalAmount", "maximumPrincipalAmount", "minTenurePeriodInMonths", "maxTenurePeriodInMonths", "status", "deactivatedAt", "createdAt", "updatedAt" FROM "products" AS "products" WHERE "products"."organizationID" = '2' AND "products"."id" = 1 AND "products"."status" = 'ACTIVE';
2025-05-12T20:53:04.860Z [INFO]: Executing (965c88e4-35ec-49db-a70b-257edec89b22): ROLLBACK;
2025-05-12T20:53:05.141Z [ERROR]: Transaction error: Invalid Product
2025-05-12T20:56:12.516Z [INFO]: Executing (b7938985-f034-4c8d-adfc-e2098197cda2): START TRANSACTION;
2025-05-12T20:56:15.855Z [INFO]: Executing (default): SELECT "id", "productCode", "productName", "category", "productType", "organizationID", "minInterestRatePerAnnum", "maxInterestRatePerAnnum", "minimumPrincipalAmount", "maximumPrincipalAmount", "minTenurePeriodInMonths", "maxTenurePeriodInMonths", "status", "deactivatedAt", "createdAt", "updatedAt" FROM "products" AS "products" WHERE "products"."organizationID" = '2' AND "products"."id" = 5 AND "products"."status" = 'ACTIVE';
2025-05-12T20:56:16.532Z [INFO]: Executing (b7938985-f034-4c8d-adfc-e2098197cda2): ROLLBACK;
2025-05-12T20:56:16.816Z [ERROR]: Transaction error: Invalid Product
2025-05-12T20:57:57.664Z [INFO]: Executing (ced2b01c-4689-426a-bc2e-8d8e9897b092): START TRANSACTION;
2025-05-12T20:58:00.864Z [INFO]: Executing (default): SELECT "id", "productCode", "productName", "category", "productType", "organizationID", "minInterestRatePerAnnum", "maxInterestRatePerAnnum", "minimumPrincipalAmount", "maximumPrincipalAmount", "minTenurePeriodInMonths", "maxTenurePeriodInMonths", "status", "deactivatedAt", "createdAt", "updatedAt" FROM "products" AS "products" WHERE "products"."organizationID" = '2' AND "products"."id" = 5 AND "products"."status" = 'ACTIVE';
2025-05-12T20:58:01.148Z [ERROR]: Error in createLoanApplication repository: notNull Violation: leads.Id cannot be null
2025-05-12T20:58:01.150Z [INFO]: Executing (ced2b01c-4689-426a-bc2e-8d8e9897b092): ROLLBACK;
2025-05-12T20:58:01.426Z [ERROR]: Transaction error: notNull Violation: leads.Id cannot be null
2025-05-12T21:00:55.128Z [INFO]: Executing (default): SELECT 1+1 AS result
2025-05-12T21:00:55.404Z [INFO]: postgresDB Connected....
2025-05-12T21:00:55.404Z [INFO]: Database connected successfully.
2025-05-12T21:01:10.590Z [INFO]: Executing (97e845e4-85dc-4492-a5e0-3afd9362edd9): START TRANSACTION;
2025-05-12T21:01:13.385Z [INFO]: Executing (default): SELECT "id", "productCode", "productName", "category", "productType", "organizationID", "minInterestRatePerAnnum", "maxInterestRatePerAnnum", "minimumPrincipalAmount", "maximumPrincipalAmount", "minTenurePeriodInMonths", "maxTenurePeriodInMonths", "status", "deactivatedAt", "createdAt", "updatedAt" FROM "products" AS "products" WHERE "products"."organizationID" = '2' AND "products"."id" = 5 AND "products"."status" = 'ACTIVE';
2025-05-12T21:01:14.133Z [ERROR]: Error in createLoanApplication repository: notNull Violation: leads.Id cannot be null
2025-05-12T21:01:14.135Z [INFO]: Executing (97e845e4-85dc-4492-a5e0-3afd9362edd9): ROLLBACK;
2025-05-12T21:01:14.611Z [ERROR]: Transaction error: notNull Violation: leads.Id cannot be null
2025-05-12T21:07:02.226Z [INFO]: Executing (default): SELECT 1+1 AS result
2025-05-12T21:07:02.535Z [INFO]: postgresDB Connected....
2025-05-12T21:07:02.536Z [INFO]: Database connected successfully.
2025-05-12T21:07:12.517Z [INFO]: Executing (c265fdf9-239e-4732-97a4-9f596f92e6dc): START TRANSACTION;
2025-05-12T21:07:15.106Z [INFO]: Executing (default): SELECT "id", "productCode", "productName", "category", "productType", "organizationID", "minInterestRatePerAnnum", "maxInterestRatePerAnnum", "minimumPrincipalAmount", "maximumPrincipalAmount", "minTenurePeriodInMonths", "maxTenurePeriodInMonths", "status", "deactivatedAt", "createdAt", "updatedAt" FROM "products" AS "products" WHERE "products"."organizationID" = '2' AND "products"."id" = 5 AND "products"."status" = 'ACTIVE';
2025-05-12T21:07:15.436Z [INFO]: Executing (c265fdf9-239e-4732-97a4-9f596f92e6dc): INSERT INTO "leads" ("id","phoneNo","category","organizationId","applicationDetails","status","createdAt","updatedAt") VALUES ($1,$2,$3,$4,$5,$6,$7,$8) RETURNING "id","phoneNo","category","prodcutId","organizationId","address","geohash","applicationDetails","status","createdAt","updatedAt";
2025-05-12T21:07:15.707Z [ERROR]: Error in applLead repository: value "9548313517" is out of range for type integer
2025-05-12T21:07:15.709Z [INFO]: Executing (c265fdf9-239e-4732-97a4-9f596f92e6dc): ROLLBACK;
2025-05-12T21:07:15.979Z [ERROR]: Transaction error: value "9548313517" is out of range for type integer
2025-05-12T21:08:27.845Z [INFO]: Executing (default): SELECT 1+1 AS result
2025-05-12T21:08:28.124Z [INFO]: postgresDB Connected....
2025-05-12T21:08:28.125Z [INFO]: Database connected successfully.
2025-05-12T21:08:31.219Z [INFO]: Executing (ca7a2bf2-75ea-488f-861d-275dfc333679): START TRANSACTION;
2025-05-12T21:08:39.386Z [INFO]: Executing (default): SELECT "id", "productCode", "productName", "category", "productType", "organizationID", "minInterestRatePerAnnum", "maxInterestRatePerAnnum", "minimumPrincipalAmount", "maximumPrincipalAmount", "minTenurePeriodInMonths", "maxTenurePeriodInMonths", "status", "deactivatedAt", "createdAt", "updatedAt" FROM "products" AS "products" WHERE "products"."organizationID" = '2' AND "products"."id" = 5 AND "products"."status" = 'ACTIVE';
2025-05-12T21:08:39.676Z [INFO]: Executing (ca7a2bf2-75ea-488f-861d-275dfc333679): INSERT INTO "leads" ("id","phoneNo","category","organizationId","applicationDetails","status","createdAt","updatedAt") VALUES ($1,$2,$3,$4,$5,$6,$7,$8) RETURNING "id","phoneNo","category","prodcutId","organizationId","address","geohash","applicationDetails","status","createdAt","updatedAt";
2025-05-12T21:08:39.967Z [INFO]: Executing (ca7a2bf2-75ea-488f-861d-275dfc333679): COMMIT;
2025-05-12T21:11:05.181Z [INFO]: Executing (default): SELECT 1+1 AS result
2025-05-12T21:11:05.456Z [INFO]: postgresDB Connected....
2025-05-12T21:11:05.456Z [INFO]: Database connected successfully.
2025-05-12T21:11:37.924Z [INFO]: Executing (7ba08d3f-1a25-490d-8c41-d05ebdea7f7f): START TRANSACTION;
2025-05-12T21:11:42.968Z [INFO]: Executing (default): SELECT "id", "productCode", "productName", "category", "productType", "organizationID", "minInterestRatePerAnnum", "maxInterestRatePerAnnum", "minimumPrincipalAmount", "maximumPrincipalAmount", "minTenurePeriodInMonths", "maxTenurePeriodInMonths", "status", "deactivatedAt", "createdAt", "updatedAt" FROM "products" AS "products" WHERE "products"."organizationID" = '2' AND "products"."id" = 5 AND "products"."status" = 'ACTIVE';
2025-05-12T21:11:43.267Z [INFO]: Executing (7ba08d3f-1a25-490d-8c41-d05ebdea7f7f): INSERT INTO "leads" ("id","phoneNo","category","organizationId","applicationDetails","status","createdAt","updatedAt") VALUES ($1,$2,$3,$4,$5,$6,$7,$8) RETURNING "id","phoneNo","category","prodcutId","organizationId","address","geohash","applicationDetails","status","createdAt","updatedAt";
2025-05-12T21:11:43.541Z [INFO]: Executing (7ba08d3f-1a25-490d-8c41-d05ebdea7f7f): COMMIT;
2025-05-12T21:13:04.917Z [INFO]: Executing (default): SELECT 1+1 AS result
2025-05-12T21:13:05.193Z [INFO]: postgresDB Connected....
2025-05-12T21:13:05.193Z [INFO]: Database connected successfully.
2025-05-12T21:13:54.950Z [INFO]: Executing (default): SELECT 1+1 AS result
2025-05-12T21:13:55.216Z [INFO]: postgresDB Connected....
2025-05-12T21:13:55.216Z [INFO]: Database connected successfully.
2025-05-12T21:14:14.691Z [INFO]: Executing (c0b7b06d-aa06-4d1f-ae6a-a9d28e74391d): START TRANSACTION;
2025-05-12T21:14:18.235Z [INFO]: Executing (default): SELECT "id", "productCode", "productName", "category", "productType", "organizationID", "minInterestRatePerAnnum", "maxInterestRatePerAnnum", "minimumPrincipalAmount", "maximumPrincipalAmount", "minTenurePeriodInMonths", "maxTenurePeriodInMonths", "status", "deactivatedAt", "createdAt", "updatedAt" FROM "products" AS "products" WHERE "products"."organizationID" = '2' AND "products"."id" = 5 AND "products"."status" = 'ACTIVE';
2025-05-12T21:14:18.527Z [INFO]: Executing (c0b7b06d-aa06-4d1f-ae6a-a9d28e74391d): INSERT INTO "leads" ("id","phoneNo","category","productId","organizationId","applicationDetails","status","createdAt","updatedAt") VALUES ($1,$2,$3,$4,$5,$6,$7,$8,$9) RETURNING "id","phoneNo","category","productId","organizationId","address","geohash","applicationDetails","status","createdAt","updatedAt";
2025-05-12T21:14:18.807Z [ERROR]: Error in applLead repository: column "productId" of relation "leads" does not exist
2025-05-12T21:14:18.808Z [INFO]: Executing (c0b7b06d-aa06-4d1f-ae6a-a9d28e74391d): ROLLBACK;
2025-05-12T21:14:19.089Z [ERROR]: Transaction error: column "productId" of relation "leads" does not exist
2025-05-12T21:15:37.879Z [INFO]: Executing (a48727cf-fd4b-439b-81d6-75d476d197c1): START TRANSACTION;
2025-05-12T21:15:42.456Z [INFO]: Executing (default): SELECT "id", "productCode", "productName", "category", "productType", "organizationID", "minInterestRatePerAnnum", "maxInterestRatePerAnnum", "minimumPrincipalAmount", "maximumPrincipalAmount", "minTenurePeriodInMonths", "maxTenurePeriodInMonths", "status", "deactivatedAt", "createdAt", "updatedAt" FROM "products" AS "products" WHERE "products"."organizationID" = '2' AND "products"."id" = 5 AND "products"."status" = 'ACTIVE';
2025-05-12T21:15:42.726Z [INFO]: Executing (a48727cf-fd4b-439b-81d6-75d476d197c1): INSERT INTO "leads" ("id","phoneNo","category","productId","organizationId","applicationDetails","status","createdAt","updatedAt") VALUES ($1,$2,$3,$4,$5,$6,$7,$8,$9) RETURNING "id","phoneNo","category","productId","organizationId","address","geohash","applicationDetails","status","createdAt","updatedAt";
2025-05-12T21:15:43.564Z [INFO]: Executing (a48727cf-fd4b-439b-81d6-75d476d197c1): COMMIT;
2025-05-13T17:55:41.185Z [INFO]: Executing (default): SELECT 1+1 AS result
2025-05-13T17:55:41.462Z [INFO]: postgresDB Connected....
2025-05-13T17:55:41.462Z [INFO]: Database connected successfully.
2025-06-19T10:03:24.099Z [INFO]: Executing (default): SELECT 1+1 AS result
2025-06-19T10:03:24.211Z [INFO]: postgresDB Connected....
2025-06-19T10:03:24.211Z [INFO]: Database connected successfully.
2025-06-19T10:09:02.504Z [INFO]: Executing (default): SELECT 1+1 AS result
2025-06-19T10:09:02.605Z [INFO]: postgresDB Connected....
2025-06-19T10:09:02.605Z [INFO]: Database connected successfully.
2025-06-19T10:11:14.846Z [INFO]: Executing (default): SELECT 1+1 AS result
2025-06-19T10:11:14.947Z [INFO]: postgresDB Connected....
2025-06-19T10:11:14.947Z [INFO]: Database connected successfully.
2025-06-19T10:12:05.099Z [INFO]: Executing (default): SELECT 1+1 AS result
2025-06-19T10:12:05.198Z [INFO]: postgresDB Connected....
2025-06-19T10:12:05.198Z [INFO]: Database connected successfully.
2025-06-19T10:12:09.673Z [INFO]: Executing (default): SELECT "id", "userId", "title", "amount", "expenseDate", "category", "tag", "remarks", "createdAt", "updatedAt" FROM "expenses" AS "expenses" WHERE "expenses"."userId" = '9548313517' ORDER BY "expenses"."expenseDate" DESC;
2025-06-19T10:16:47.192Z [INFO]: Executing (default): SELECT 1+1 AS result
2025-06-19T10:16:47.286Z [INFO]: postgresDB Connected....
2025-06-19T10:16:47.287Z [INFO]: Database connected successfully.
2025-06-19T10:17:00.620Z [INFO]: Executing (default): SELECT "id", "userId", "title", "amount", "expenseDate", "category", "tag", "remarks", "createdAt", "updatedAt" FROM "expenses" AS "expenses" WHERE "expenses"."userId" = '9548313517' ORDER BY "expenses"."expenseDate" DESC;
2025-06-19T10:18:52.008Z [INFO]: Executing (default): SELECT 1+1 AS result
2025-06-19T10:18:52.107Z [INFO]: postgresDB Connected....
2025-06-19T10:18:52.107Z [INFO]: Database connected successfully.
2025-06-19T10:19:26.824Z [INFO]: Executing (default): SELECT 1+1 AS result
2025-06-19T10:19:26.924Z [INFO]: postgresDB Connected....
2025-06-19T10:19:26.924Z [INFO]: Database connected successfully.
2025-06-19T10:19:29.315Z [INFO]: Executing (default): SELECT "id", "phoneNo", "name", "gender", "address", "dob", "email", "profilePic", "isVerified", "isBanned", "createdAt", "updatedAt" FROM "users" AS "users" WHERE "users"."phoneNo" = '9548313517' LIMIT 1;
2025-06-19T10:19:29.470Z [INFO]: Executing (default): SELECT "id", "userId", "title", "amount", "expenseDate", "category", "tag", "remarks", "createdAt", "updatedAt" FROM "expenses" AS "expenses" WHERE "expenses"."userId" = '9548313517' ORDER BY "expenses"."expenseDate" DESC;
2025-06-19T10:19:45.619Z [INFO]: Executing (default): SELECT 1+1 AS result
2025-06-19T10:19:45.714Z [INFO]: postgresDB Connected....
2025-06-19T10:19:45.715Z [INFO]: Database connected successfully.
2025-06-19T10:19:52.546Z [INFO]: Executing (default): SELECT "id", "phoneNo", "name", "gender", "address", "dob", "email", "profilePic", "isVerified", "isBanned", "createdAt", "updatedAt" FROM "users" AS "users" WHERE "users"."phoneNo" = '9548313517' LIMIT 1;
2025-06-19T10:19:52.657Z [INFO]: Executing (default): SELECT "id", "userId", "title", "amount", "expenseDate", "category", "tag", "remarks", "createdAt", "updatedAt" FROM "expenses" AS "expenses" WHERE "expenses"."userId" = '9548313517' ORDER BY "expenses"."expenseDate" DESC;
2025-06-19T10:20:13.349Z [INFO]: Executing (default): SELECT 1+1 AS result
2025-06-19T10:20:13.456Z [INFO]: postgresDB Connected....
2025-06-19T10:20:13.456Z [INFO]: Database connected successfully.
2025-06-19T10:20:16.166Z [INFO]: Executing (default): SELECT "id", "phoneNo", "name", "gender", "address", "dob", "email", "profilePic", "isVerified", "isBanned", "createdAt", "updatedAt" FROM "users" AS "users" WHERE "users"."phoneNo" = '9548313517' LIMIT 1;
2025-06-19T10:20:16.278Z [INFO]: Executing (default): SELECT "id", "userId", "title", "amount", "expenseDate", "category", "tag", "remarks", "createdAt", "updatedAt" FROM "expenses" AS "expenses" WHERE "expenses"."userId" = '9548313517' ORDER BY "expenses"."expenseDate" DESC;
2025-06-19T10:20:47.842Z [INFO]: Executing (default): SELECT 1+1 AS result
2025-06-19T10:20:47.938Z [INFO]: postgresDB Connected....
2025-06-19T10:20:47.939Z [INFO]: Database connected successfully.
2025-06-19T10:21:16.399Z [INFO]: Executing (default): SELECT 1+1 AS result
2025-06-19T10:21:16.499Z [INFO]: postgresDB Connected....
2025-06-19T10:21:16.499Z [INFO]: Database connected successfully.
2025-06-19T10:21:25.747Z [INFO]: Executing (default): SELECT "id", "phoneNo", "name", "gender", "address", "dob", "email", "profilePic", "isVerified", "isBanned", "createdAt", "updatedAt" FROM "users" AS "users" WHERE "users"."phoneNo" = '9548313517' LIMIT 1;
2025-06-19T10:21:25.851Z [INFO]: Executing (default): SELECT "id", "userId", "title", "amount", "expenseDate", "category", "tag", "remarks", "createdAt", "updatedAt" FROM "expenses" AS "expenses" WHERE "expenses"."userId" = 'NEX00001' ORDER BY "expenses"."expenseDate" DESC;
2025-06-19T10:22:50.080Z [INFO]: Executing (default): SELECT 1+1 AS result
2025-06-19T10:22:50.181Z [INFO]: postgresDB Connected....
2025-06-19T10:22:50.181Z [INFO]: Database connected successfully.
2025-06-19T10:24:43.070Z [INFO]: Executing (default): SELECT "id", "phoneNo", "name", "gender", "address", "dob", "email", "profilePic", "isVerified", "isBanned", "createdAt", "updatedAt" FROM "users" AS "users" WHERE "users"."phoneNo" = '9548313517' LIMIT 1;
2025-06-19T10:24:43.171Z [INFO]: Executing (6ea36941-db35-47bb-b99d-9c3a80da7886): START TRANSACTION;
2025-06-19T10:24:43.270Z [INFO]: Executing (6ea36941-db35-47bb-b99d-9c3a80da7886): ROLLBACK;
2025-06-19T10:24:43.369Z [ERROR]: Transaction error: expenseRepo.createExpense is not a function
2025-06-19T10:24:43.370Z [ERROR]: Unhandled error: Right-hand side of 'instanceof' is not an object
2025-06-19T10:25:15.888Z [INFO]: Executing (default): SELECT 1+1 AS result
2025-06-19T10:25:15.988Z [INFO]: postgresDB Connected....
2025-06-19T10:25:15.988Z [INFO]: Database connected successfully.
2025-06-19T10:25:24.094Z [INFO]: Executing (default): SELECT "id", "phoneNo", "name", "gender", "address", "dob", "email", "profilePic", "isVerified", "isBanned", "createdAt", "updatedAt" FROM "users" AS "users" WHERE "users"."phoneNo" = '9548313517' LIMIT 1;
2025-06-19T10:25:24.195Z [INFO]: Executing (2de8d428-c44d-40b4-9e24-9bc0fc978e44): START TRANSACTION;
2025-06-19T10:25:24.300Z [ERROR]: Error in addExpense repository: notNull Violation: expenses.id cannot be null
2025-06-19T10:25:24.301Z [INFO]: Executing (2de8d428-c44d-40b4-9e24-9bc0fc978e44): ROLLBACK;
2025-06-19T10:25:24.401Z [ERROR]: Transaction error: notNull Violation: expenses.id cannot be null
2025-06-19T10:25:24.402Z [ERROR]: Unhandled error: Right-hand side of 'instanceof' is not an object
2025-06-19T10:26:45.051Z [INFO]: Executing (default): SELECT 1+1 AS result
2025-06-19T10:26:45.151Z [INFO]: postgresDB Connected....
2025-06-19T10:26:45.152Z [INFO]: Database connected successfully.
2025-06-19T10:26:51.364Z [INFO]: Executing (default): SELECT "id", "phoneNo", "name", "gender", "address", "dob", "email", "profilePic", "isVerified", "isBanned", "createdAt", "updatedAt" FROM "users" AS "users" WHERE "users"."phoneNo" = '9548313517' LIMIT 1;
2025-06-19T10:26:51.470Z [ERROR]: Unhandled error: Right-hand side of 'instanceof' is not an object
2025-06-19T10:27:41.175Z [INFO]: Executing (default): SELECT 1+1 AS result
2025-06-19T10:27:41.272Z [INFO]: postgresDB Connected....
2025-06-19T10:27:41.272Z [INFO]: Database connected successfully.
2025-06-19T10:27:47.425Z [INFO]: Executing (default): SELECT "id", "phoneNo", "name", "gender", "address", "dob", "email", "profilePic", "isVerified", "isBanned", "createdAt", "updatedAt" FROM "users" AS "users" WHERE "users"."phoneNo" = '9548313517' LIMIT 1;
2025-06-19T10:27:47.525Z [ERROR]: Unhandled error: Right-hand side of 'instanceof' is not an object
2025-06-19T10:29:21.532Z [INFO]: Executing (default): SELECT 1+1 AS result
2025-06-19T10:29:21.627Z [INFO]: postgresDB Connected....
2025-06-19T10:29:21.627Z [INFO]: Database connected successfully.
2025-06-19T10:29:25.555Z [INFO]: Executing (default): SELECT "id", "phoneNo", "name", "gender", "address", "dob", "email", "profilePic", "isVerified", "isBanned", "createdAt", "updatedAt" FROM "users" AS "users" WHERE "users"."phoneNo" = '9548313517' LIMIT 1;
2025-06-19T10:29:25.659Z [INFO]: Executing (45d6836f-fbb3-4bb0-8536-d690c6a31b97): START TRANSACTION;
2025-06-19T10:29:25.764Z [INFO]: Executing (45d6836f-fbb3-4bb0-8536-d690c6a31b97): INSERT INTO "expenses" ("id","userId","title","amount","expenseDate","category","tag","remarks","createdAt","updatedAt") VALUES ($1,$2,$3,$4,$5,$6,$7,$8,$9,$10) RETURNING "id","userId","title","amount","expenseDate","category","tag","remarks","createdAt","updatedAt";
2025-06-19T10:29:25.865Z [INFO]: Executing (45d6836f-fbb3-4bb0-8536-d690c6a31b97): COMMIT;
2025-06-19T10:29:37.915Z [INFO]: Executing (default): SELECT "id", "phoneNo", "name", "gender", "address", "dob", "email", "profilePic", "isVerified", "isBanned", "createdAt", "updatedAt" FROM "users" AS "users" WHERE "users"."phoneNo" = '9548313517' LIMIT 1;
2025-06-19T10:29:38.018Z [INFO]: Executing (default): SELECT "id", "userId", "title", "amount", "expenseDate", "category", "tag", "remarks", "createdAt", "updatedAt" FROM "expenses" AS "expenses" WHERE "expenses"."userId" = 'NEX00001' ORDER BY "expenses"."expenseDate" DESC;
2025-06-22T11:54:09.877Z [INFO]: Executing (default): SELECT 1+1 AS result
2025-06-22T11:54:09.970Z [INFO]: postgresDB Connected....
2025-06-22T11:54:09.971Z [INFO]: Database connected successfully.
2025-06-22T11:55:16.036Z [INFO]: Executing (default): SELECT 1+1 AS result
2025-06-22T11:55:16.116Z [INFO]: postgresDB Connected....
2025-06-22T11:55:16.116Z [INFO]: Database connected successfully.
2025-06-22T11:55:39.032Z [INFO]: Executing (default): SELECT 1+1 AS result
2025-06-22T11:55:39.107Z [INFO]: postgresDB Connected....
2025-06-22T11:55:39.107Z [INFO]: Database connected successfully.
2025-06-22T11:56:12.333Z [ERROR]: Error sending OTP email: nodemailer.createTransporter is not a function
2025-06-22T11:56:12.334Z [ERROR]: Error generating and sending OTP: nodemailer.createTransporter is not a function
2025-06-22T11:57:10.638Z [INFO]: Executing (default): SELECT 1+1 AS result
2025-06-22T11:57:10.724Z [INFO]: postgresDB Connected....
2025-06-22T11:57:10.724Z [INFO]: Database connected successfully.
2025-06-22T11:57:15.830Z [ERROR]: Error sending OTP email: Missing credentials for "PLAIN"
2025-06-22T11:57:15.830Z [ERROR]: Error generating and sending OTP: Missing credentials for "PLAIN"
2025-06-22T12:02:27.155Z [INFO]: Executing (default): SELECT 1+1 AS result
2025-06-22T12:02:27.250Z [INFO]: postgresDB Connected....
2025-06-22T12:02:27.250Z [INFO]: Database connected successfully.
2025-06-22T12:02:50.124Z [ERROR]: Error sending OTP email: Invalid login: 535-5.7.8 Username and Password not accepted. For more information, go to
535 5.7.8  https://support.google.com/mail/?p=BadCredentials 98e67ed59e1d1-3158a2f3736sm8348511a91.27 - gsmtp
2025-06-22T12:02:50.124Z [ERROR]: Error generating and sending OTP: Invalid login: 535-5.7.8 Username and Password not accepted. For more information, go to
535 5.7.8  https://support.google.com/mail/?p=BadCredentials 98e67ed59e1d1-3158a2f3736sm8348511a91.27 - gsmtp
2025-06-22T12:07:42.492Z [INFO]: Executing (default): SELECT 1+1 AS result
2025-06-22T12:07:42.574Z [INFO]: postgresDB Connected....
2025-06-22T12:07:42.575Z [INFO]: Database connected successfully.
2025-06-22T12:07:52.788Z [ERROR]: Error sending OTP email: Missing credentials for "PLAIN"
2025-06-22T12:07:52.789Z [ERROR]: Error generating and sending OTP: Missing credentials for "PLAIN"
2025-06-22T12:08:16.839Z [INFO]: Executing (default): SELECT 1+1 AS result
2025-06-22T12:08:16.915Z [INFO]: postgresDB Connected....
2025-06-22T12:08:16.915Z [INFO]: Database connected successfully.
2025-06-22T12:08:21.642Z [ERROR]: Error sending OTP email: Invalid login: 535-5.7.8 Username and Password not accepted. For more information, go to
535 5.7.8  https://support.google.com/mail/?p=BadCredentials d9443c01a7336-237d8403e3asm58870455ad.88 - gsmtp
2025-06-22T12:08:21.643Z [ERROR]: Error generating and sending OTP: Invalid login: 535-5.7.8 Username and Password not accepted. For more information, go to
535 5.7.8  https://support.google.com/mail/?p=BadCredentials d9443c01a7336-237d8403e3asm58870455ad.88 - gsmtp
2025-06-22T12:16:31.684Z [INFO]: Executing (default): SELECT 1+1 AS result
2025-06-22T12:16:31.762Z [INFO]: postgresDB Connected....
2025-06-22T12:16:31.763Z [INFO]: Database connected successfully.
2025-06-22T12:17:06.244Z [ERROR]: Error sending OTP email: Invalid login: 535-5.7.8 Username and Password not accepted. For more information, go to
535 5.7.8  https://support.google.com/mail/?p=BadCredentials d2e1a72fcca58-7490a6c1f73sm6095216b3a.169 - gsmtp
2025-06-22T12:17:06.245Z [ERROR]: Error generating and sending OTP: Invalid login: 535-5.7.8 Username and Password not accepted. For more information, go to
535 5.7.8  https://support.google.com/mail/?p=BadCredentials d2e1a72fcca58-7490a6c1f73sm6095216b3a.169 - gsmtp
2025-06-22T12:34:16.987Z [INFO]: Executing (default): SELECT 1+1 AS result
2025-06-22T12:34:17.065Z [INFO]: postgresDB Connected....
2025-06-22T12:34:17.065Z [INFO]: Database connected successfully.
2025-06-22T12:34:41.377Z [INFO]: OTP email sent to satyammittal1011@gmail.com: <4f6f617d-07eb-459c-3677-49f3312b2d9b@gmail.com>
2025-06-22T12:48:59.659Z [INFO]: Executing (default): SELECT 1+1 AS result
2025-06-22T12:48:59.732Z [INFO]: postgresDB Connected....
2025-06-22T12:48:59.733Z [INFO]: Database connected successfully.
2025-06-22T12:49:16.591Z [INFO]: Executing (0ce59b53-1512-4a56-bc2d-4f1b5861d56a): START TRANSACTION;
2025-06-22T12:49:16.673Z [ERROR]: Error in getAllProducts repository: notNull Violation: otps.id cannot be null,
notNull Violation: otps.email cannot be null,
notNull Violation: otps.otp cannot be null,
notNull Violation: otps.isVerified cannot be null
2025-06-22T12:49:16.674Z [INFO]: Executing (0ce59b53-1512-4a56-bc2d-4f1b5861d56a): ROLLBACK;
2025-06-22T12:49:16.752Z [ERROR]: Transaction error: notNull Violation: otps.id cannot be null,
notNull Violation: otps.email cannot be null,
notNull Violation: otps.otp cannot be null,
notNull Violation: otps.isVerified cannot be null
2025-06-22T12:49:16.752Z [ERROR]: Service DEBUG:  notNull Violation: otps.id cannot be null,
notNull Violation: otps.email cannot be null,
notNull Violation: otps.otp cannot be null,
notNull Violation: otps.isVerified cannot be null
2025-06-22T12:49:56.116Z [INFO]: Executing (default): SELECT 1+1 AS result
2025-06-22T12:49:56.191Z [INFO]: postgresDB Connected....
2025-06-22T12:49:56.191Z [INFO]: Database connected successfully.
2025-06-22T12:50:02.389Z [INFO]: Executing (5950c271-2100-4e56-bff7-70b5eb68cad7): START TRANSACTION;
2025-06-22T12:50:02.469Z [ERROR]: Error in getAllProducts repository: notNull Violation: otps.email cannot be null,
notNull Violation: otps.otp cannot be null,
notNull Violation: otps.isVerified cannot be null
2025-06-22T12:50:02.469Z [INFO]: Executing (5950c271-2100-4e56-bff7-70b5eb68cad7): ROLLBACK;
2025-06-22T12:50:02.545Z [ERROR]: Transaction error: notNull Violation: otps.email cannot be null,
notNull Violation: otps.otp cannot be null,
notNull Violation: otps.isVerified cannot be null
2025-06-22T12:50:02.545Z [ERROR]: Service DEBUG:  notNull Violation: otps.email cannot be null,
notNull Violation: otps.otp cannot be null,
notNull Violation: otps.isVerified cannot be null
2025-06-22T12:50:24.511Z [INFO]: Executing (default): SELECT 1+1 AS result
2025-06-22T12:50:24.588Z [INFO]: postgresDB Connected....
2025-06-22T12:50:24.588Z [INFO]: Database connected successfully.
2025-06-22T12:50:28.899Z [INFO]: Executing (b0e0b684-1ef7-490a-9b5f-c3536a9308c1): START TRANSACTION;
2025-06-22T12:50:28.980Z [ERROR]: Error in getAllProducts repository: notNull Violation: otps.email cannot be null,
notNull Violation: otps.otp cannot be null,
notNull Violation: otps.isVerified cannot be null
2025-06-22T12:50:28.981Z [INFO]: Executing (b0e0b684-1ef7-490a-9b5f-c3536a9308c1): ROLLBACK;
2025-06-22T12:50:29.057Z [ERROR]: Transaction error: notNull Violation: otps.email cannot be null,
notNull Violation: otps.otp cannot be null,
notNull Violation: otps.isVerified cannot be null
2025-06-22T12:50:29.058Z [ERROR]: Service DEBUG:  notNull Violation: otps.email cannot be null,
notNull Violation: otps.otp cannot be null,
notNull Violation: otps.isVerified cannot be null
2025-06-22T12:51:08.213Z [INFO]: Executing (default): SELECT 1+1 AS result
2025-06-22T12:51:08.294Z [INFO]: postgresDB Connected....
2025-06-22T12:51:08.295Z [INFO]: Database connected successfully.
2025-06-22T12:51:10.499Z [INFO]: Executing (93f8f564-033c-4bbb-a8af-bf42ff752ea5): START TRANSACTION;
2025-06-22T12:51:10.583Z [ERROR]: Error in getAllProducts repository: notNull Violation: otps.email cannot be null,
notNull Violation: otps.otp cannot be null,
notNull Violation: otps.isVerified cannot be null
2025-06-22T12:51:10.584Z [INFO]: Executing (93f8f564-033c-4bbb-a8af-bf42ff752ea5): ROLLBACK;
2025-06-22T12:51:10.670Z [ERROR]: Transaction error: notNull Violation: otps.email cannot be null,
notNull Violation: otps.otp cannot be null,
notNull Violation: otps.isVerified cannot be null
2025-06-22T12:51:10.670Z [ERROR]: Service DEBUG:  notNull Violation: otps.email cannot be null,
notNull Violation: otps.otp cannot be null,
notNull Violation: otps.isVerified cannot be null
2025-06-22T12:52:28.817Z [INFO]: Executing (default): SELECT 1+1 AS result
2025-06-22T12:52:28.899Z [INFO]: postgresDB Connected....
2025-06-22T12:52:28.899Z [INFO]: Database connected successfully.
2025-06-22T12:52:44.140Z [ERROR]: Error sending OTP email: Missing credentials for "PLAIN"
2025-06-22T12:52:44.140Z [ERROR]: Error generating and sending OTP: Missing credentials for "PLAIN"
2025-06-22T12:54:59.285Z [INFO]: Executing (default): SELECT 1+1 AS result
2025-06-22T12:54:59.359Z [INFO]: postgresDB Connected....
2025-06-22T12:54:59.359Z [INFO]: Database connected successfully.
2025-06-22T12:55:02.403Z [ERROR]: Error sending OTP email: Missing credentials for "PLAIN"
2025-06-22T12:55:02.404Z [ERROR]: Error generating and sending OTP: Missing credentials for "PLAIN"
2025-06-22T12:55:29.991Z [INFO]: Executing (default): SELECT 1+1 AS result
2025-06-22T12:55:30.067Z [INFO]: postgresDB Connected....
2025-06-22T12:55:30.068Z [INFO]: Database connected successfully.
2025-06-22T12:55:33.311Z [ERROR]: Error sending OTP email: Missing credentials for "PLAIN"
2025-06-22T12:55:33.312Z [ERROR]: Error generating and sending OTP: Missing credentials for "PLAIN"
2025-06-22T12:56:05.632Z [INFO]: Executing (default): SELECT 1+1 AS result
2025-06-22T12:56:05.710Z [INFO]: postgresDB Connected....
2025-06-22T12:56:05.710Z [INFO]: Database connected successfully.
2025-06-22T12:56:11.701Z [ERROR]: Error sending OTP email: Missing credentials for "PLAIN"
2025-06-22T12:56:11.701Z [ERROR]: Error generating and sending OTP: Missing credentials for "PLAIN"
2025-06-22T12:56:39.664Z [INFO]: Executing (default): SELECT 1+1 AS result
2025-06-22T12:56:39.746Z [INFO]: postgresDB Connected....
2025-06-22T12:56:39.746Z [INFO]: Database connected successfully.
2025-06-22T12:56:42.241Z [ERROR]: Error sending OTP email: Missing credentials for "PLAIN"
2025-06-22T12:56:42.243Z [ERROR]: Error generating and sending OTP: Missing credentials for "PLAIN"
2025-06-22T12:57:55.439Z [INFO]: Executing (default): SELECT 1+1 AS result
2025-06-22T12:57:55.516Z [INFO]: postgresDB Connected....
2025-06-22T12:57:55.517Z [INFO]: Database connected successfully.
2025-06-22T12:57:59.012Z [ERROR]: Error sending OTP email: Missing credentials for "PLAIN"
2025-06-22T12:57:59.012Z [ERROR]: Error generating and sending OTP: Missing credentials for "PLAIN"
2025-06-22T12:59:31.986Z [INFO]: Executing (default): SELECT 1+1 AS result
2025-06-22T12:59:32.059Z [INFO]: postgresDB Connected....
2025-06-22T12:59:32.059Z [INFO]: Database connected successfully.
2025-06-22T12:59:36.601Z [ERROR]: Error sending OTP email: Missing credentials for "PLAIN"
2025-06-22T12:59:36.601Z [ERROR]: Error generating and sending OTP: Missing credentials for "PLAIN"
2025-06-22T13:00:21.277Z [INFO]: Executing (default): SELECT 1+1 AS result
2025-06-22T13:00:21.349Z [INFO]: postgresDB Connected....
2025-06-22T13:00:21.349Z [INFO]: Database connected successfully.
2025-06-22T13:00:26.272Z [ERROR]: Error sending OTP email: Missing credentials for "PLAIN"
2025-06-22T13:00:26.273Z [ERROR]: Error generating and sending OTP: Missing credentials for "PLAIN"
2025-06-22T13:03:41.158Z [INFO]: Executing (default): SELECT 1+1 AS result
2025-06-22T13:03:41.232Z [INFO]: postgresDB Connected....
2025-06-22T13:03:41.233Z [INFO]: Database connected successfully.
2025-06-22T13:03:48.029Z [INFO]: OTP email sent to satyammittal1011@gmail.com: <931fef67-161f-ce3f-5814-b328ecfefd88@gmail.com>
2025-06-22T13:03:48.033Z [INFO]: Executing (eb678e48-62e3-4a12-977a-e97372066db2): START TRANSACTION;
2025-06-22T13:03:48.112Z [ERROR]: Error in getAllProducts repository: notNull Violation: otps.isVerified cannot be null
2025-06-22T13:03:48.113Z [INFO]: Executing (eb678e48-62e3-4a12-977a-e97372066db2): ROLLBACK;
2025-06-22T13:03:48.187Z [ERROR]: Transaction error: notNull Violation: otps.isVerified cannot be null
2025-06-22T13:03:48.188Z [ERROR]: Service DEBUG:  notNull Violation: otps.isVerified cannot be null
2025-06-22T13:04:46.610Z [INFO]: Executing (default): SELECT 1+1 AS result
2025-06-22T13:04:46.687Z [INFO]: postgresDB Connected....
2025-06-22T13:04:46.687Z [INFO]: Database connected successfully.
2025-06-22T13:05:46.252Z [INFO]: OTP email sent to satyammittal1011@gmail.com: <772b1dab-8fa8-c534-bdb1-2cd8557c58de@gmail.com>
2025-06-22T13:05:46.881Z [INFO]: Executing (0a39769d-f2bd-44cd-bd47-2896336290a1): START TRANSACTION;
2025-06-22T13:05:46.967Z [INFO]: Executing (0a39769d-f2bd-44cd-bd47-2896336290a1): INSERT INTO "otps" ("id","email","otp","isVerified","createdAt","updatedAt") VALUES (DEFAULT,$1,$2,$3,$4,$5) RETURNING "id","email","otp","isVerified","createdAt","updatedAt";
2025-06-22T13:05:47.047Z [ERROR]: Error in getAllProducts repository: null value in column "id" of relation "otps" violates not-null constraint
2025-06-22T13:05:47.048Z [INFO]: Executing (0a39769d-f2bd-44cd-bd47-2896336290a1): ROLLBACK;
2025-06-22T13:05:47.125Z [ERROR]: Transaction error: null value in column "id" of relation "otps" violates not-null constraint
2025-06-22T13:05:47.125Z [ERROR]: Service DEBUG:  null value in column "id" of relation "otps" violates not-null constraint
2025-06-22T13:06:16.563Z [INFO]: Executing (default): SELECT 1+1 AS result
2025-06-22T13:06:16.644Z [INFO]: postgresDB Connected....
2025-06-22T13:06:16.644Z [INFO]: Database connected successfully.
2025-06-22T13:06:21.933Z [INFO]: OTP email sent to satyammittal1011@gmail.com: <221638fb-6a66-ce42-aabb-a2c21f4e490a@gmail.com>
2025-06-22T13:06:21.937Z [INFO]: Executing (2d806912-2aaf-47e8-a558-098e12ffe7cb): START TRANSACTION;
2025-06-22T13:06:22.028Z [INFO]: Executing (2d806912-2aaf-47e8-a558-098e12ffe7cb): INSERT INTO "otps" ("id","email","otp","isVerified","createdAt","updatedAt") VALUES ($1,$2,$3,$4,$5,$6) RETURNING "id","email","otp","isVerified","createdAt","updatedAt";
2025-06-22T13:06:22.117Z [INFO]: Executing (2d806912-2aaf-47e8-a558-098e12ffe7cb): COMMIT;
2025-06-22T15:17:53.201Z [INFO]: Executing (default): SELECT 1+1 AS result
2025-06-22T15:17:53.280Z [INFO]: postgresDB Connected....
2025-06-22T15:17:53.280Z [INFO]: Database connected successfully.
2025-06-22T15:19:29.881Z [INFO]: Executing (default): SELECT "id", "email", "otp", "isVerified", "createdAt", "updatedAt" FROM "otps" AS "otps" WHERE "otps"."email" = 'satyammittal1011@gmail.com' AND "otps"."otp" = 452792 LIMIT 1;
2025-06-22T15:19:29.957Z [ERROR]: Error in verifyOTP repository: operator does not exist: character varying = integer
2025-06-22T15:19:29.958Z [ERROR]: Service DEBUG:  operator does not exist: character varying = integer
2025-06-22T15:20:49.574Z [INFO]: Executing (default): SELECT "id", "email", "otp", "isVerified", "createdAt", "updatedAt" FROM "otps" AS "otps" WHERE "otps"."email" = 'satyammittal1011@gmail.com' AND "otps"."otp" = '452792' LIMIT 1;
2025-06-22T15:20:49.665Z [INFO]: Executing (default): SELECT "id", "phoneNo", "name", "gender", "address", "dob", "email", "profilePic", "isVerified", "isBanned", "createdAt", "updatedAt" FROM "users" AS "users" WHERE "users"."email" = 'satyammittal1011@gmail.com' LIMIT 1;
2025-06-22T15:20:49.746Z [INFO]: Executing (cae6b827-d1e2-469f-90de-40b4cdf59038): START TRANSACTION;
2025-06-22T15:20:49.829Z [ERROR]: Error in createUser repository: notNull Violation: users.id cannot be null
2025-06-22T15:20:49.830Z [INFO]: Executing (cae6b827-d1e2-469f-90de-40b4cdf59038): ROLLBACK;
2025-06-22T15:20:49.910Z [ERROR]: Transaction error: notNull Violation: users.id cannot be null
2025-06-22T15:20:49.910Z [ERROR]: Service DEBUG:  notNull Violation: users.id cannot be null
2025-06-22T15:21:21.101Z [INFO]: Executing (default): SELECT 1+1 AS result
2025-06-22T15:21:21.177Z [INFO]: postgresDB Connected....
2025-06-22T15:21:21.177Z [INFO]: Database connected successfully.
2025-06-22T15:21:23.678Z [INFO]: Executing (default): SELECT "id", "email", "otp", "isVerified", "createdAt", "updatedAt" FROM "otps" AS "otps" WHERE "otps"."email" = 'satyammittal1011@gmail.com' AND "otps"."otp" = '452792' LIMIT 1;
2025-06-22T15:21:23.758Z [INFO]: Executing (default): SELECT "id", "phoneNo", "name", "gender", "address", "dob", "email", "profilePic", "isVerified", "isBanned", "createdAt", "updatedAt" FROM "users" AS "users" WHERE "users"."email" = 'satyammittal1011@gmail.com' LIMIT 1;
2025-06-22T15:21:23.882Z [INFO]: Executing (199febb0-301d-40ef-9f65-22a910635e37): START TRANSACTION;
2025-06-22T15:21:23.951Z [ERROR]: Error in createUser repository: notNull Violation: users.id cannot be null
2025-06-22T15:21:23.952Z [INFO]: Executing (199febb0-301d-40ef-9f65-22a910635e37): ROLLBACK;
2025-06-22T15:21:24.027Z [ERROR]: Transaction error: notNull Violation: users.id cannot be null
2025-06-22T15:21:24.028Z [ERROR]: Service DEBUG:  notNull Violation: users.id cannot be null
2025-06-22T15:21:59.872Z [INFO]: Executing (default): SELECT 1+1 AS result
2025-06-22T15:21:59.954Z [INFO]: postgresDB Connected....
2025-06-22T15:21:59.954Z [INFO]: Database connected successfully.
2025-06-22T15:22:06.781Z [INFO]: Executing (default): SELECT "id", "email", "otp", "isVerified", "createdAt", "updatedAt" FROM "otps" AS "otps" WHERE "otps"."email" = 'satyammittal1011@gmail.com' AND "otps"."otp" = '452792' LIMIT 1;
2025-06-22T15:22:06.868Z [INFO]: Executing (default): SELECT "id", "phoneNo", "name", "gender", "address", "dob", "email", "profilePic", "isVerified", "isBanned", "createdAt", "updatedAt" FROM "users" AS "users" WHERE "users"."email" = 'satyammittal1011@gmail.com' LIMIT 1;
2025-06-22T15:23:44.469Z [INFO]: Executing (default): SELECT 1+1 AS result
2025-06-22T15:23:44.542Z [INFO]: postgresDB Connected....
2025-06-22T15:23:44.542Z [INFO]: Database connected successfully.
2025-06-22T15:24:45.181Z [INFO]: Executing (default): SELECT "id", "email", "otp", "isVerified", "createdAt", "updatedAt" FROM "otps" AS "otps" WHERE "otps"."email" = 'satyammittal1011@gmail.com' AND "otps"."otp" = '452792' LIMIT 1;
2025-06-22T15:24:45.269Z [INFO]: Executing (default): SELECT "id", "phoneNo", "name", "gender", "address", "dob", "email", "profilePic", "isVerified", "isBanned", "createdAt", "updatedAt" FROM "users" AS "users" WHERE "users"."email" = 'satyammittal1011@gmail.com' LIMIT 1;
2025-06-22T15:24:45.357Z [INFO]: Executing (40a3c0fa-cc61-40de-9e1e-e0856a72aa6a): START TRANSACTION;
2025-06-22T15:24:45.446Z [ERROR]: Error in createUser repository: notNull Violation: users.id cannot be null,
string violation: email cannot be an array or an object
2025-06-22T15:24:45.447Z [INFO]: Executing (40a3c0fa-cc61-40de-9e1e-e0856a72aa6a): ROLLBACK;
2025-06-22T15:24:45.533Z [ERROR]: Transaction error: notNull Violation: users.id cannot be null,
string violation: email cannot be an array or an object
2025-06-22T15:24:45.533Z [ERROR]: Service DEBUG:  notNull Violation: users.id cannot be null,
string violation: email cannot be an array or an object
2025-06-22T15:25:08.604Z [INFO]: Executing (default): SELECT 1+1 AS result
2025-06-22T15:25:08.687Z [INFO]: postgresDB Connected....
2025-06-22T15:25:08.688Z [INFO]: Database connected successfully.
2025-06-22T15:25:11.365Z [INFO]: Executing (default): SELECT "id", "email", "otp", "isVerified", "createdAt", "updatedAt" FROM "otps" AS "otps" WHERE "otps"."email" = 'satyammittal1011@gmail.com' AND "otps"."otp" = '452792' LIMIT 1;
2025-06-22T15:25:11.453Z [INFO]: Executing (default): SELECT "id", "phoneNo", "name", "gender", "address", "dob", "email", "profilePic", "isVerified", "isBanned", "createdAt", "updatedAt" FROM "users" AS "users" WHERE "users"."email" = 'satyammittal1011@gmail.com' LIMIT 1;
2025-06-22T15:25:11.537Z [INFO]: Executing (e53fd59a-153b-4d3e-924f-e87f10844c11): START TRANSACTION;
2025-06-22T15:25:11.628Z [INFO]: Executing (e53fd59a-153b-4d3e-924f-e87f10844c11): INSERT INTO "users" ("id","email","isVerified","isBanned","createdAt","updatedAt") VALUES ($1,$2,$3,$4,$5,$6) RETURNING "id","phoneNo","name","gender","address","dob","email","profilePic","isVerified","isBanned","createdAt","updatedAt";
2025-06-22T15:25:11.715Z [INFO]: Executing (e53fd59a-153b-4d3e-924f-e87f10844c11): COMMIT;
2025-06-22T15:27:19.419Z [INFO]: Executing (default): SELECT 1+1 AS result
2025-06-22T15:27:19.498Z [INFO]: postgresDB Connected....
2025-06-22T15:27:19.499Z [INFO]: Database connected successfully.
2025-06-22T15:28:27.338Z [INFO]: Executing (default): SELECT "id", "phoneNo", "name", "gender", "address", "dob", "email", "profilePic", "isVerified", "isBanned", "createdAt", "updatedAt" FROM "users" AS "users" WHERE "users"."phoneNo" = 'NEX00001' LIMIT 1;
2025-06-22T15:28:53.211Z [INFO]: Executing (default): SELECT 1+1 AS result
2025-06-22T15:28:53.285Z [INFO]: postgresDB Connected....
2025-06-22T15:28:53.285Z [INFO]: Database connected successfully.
2025-06-22T15:28:56.102Z [INFO]: Executing (default): SELECT "id", "userId", "title", "amount", "investmentDate", "category", "tag", "remarks", "createdAt", "updatedAt" FROM "investments" AS "investments" WHERE "investments"."userId" = 'NEX00001' ORDER BY "investments"."investmentDate" DESC;
2025-06-22T15:29:52.352Z [INFO]: Executing (default): SELECT 1+1 AS result
2025-06-22T15:29:52.434Z [INFO]: postgresDB Connected....
2025-06-22T15:29:52.435Z [INFO]: Database connected successfully.
2025-06-22T15:30:39.836Z [INFO]: Executing (default): SELECT "id", "userId", "title", "amount", "investmentDate", "category", "tag", "remarks", "createdAt", "updatedAt" FROM "investments" AS "investments" WHERE "investments"."userId" = 'NEX00001' ORDER BY "investments"."investmentDate" DESC;
2025-06-22T15:30:57.730Z [INFO]: Executing (default): SELECT "id", "userId", "name", "title", "amount", "dueAmount", "partialAmount", "lendDate", "status", "remarks", "createdAt", "updatedAt" FROM "lends" AS "lends" WHERE "lends"."userId" = 'NEX00001' ORDER BY "lends"."lendDate" DESC;
2025-06-22T16:54:39.015Z [INFO]: Executing (default): SELECT 1+1 AS result
2025-06-22T16:54:39.095Z [INFO]: postgresDB Connected....
2025-06-22T16:54:39.095Z [INFO]: Database connected successfully.
2025-06-23T08:38:51.853Z [INFO]: Executing (default): SELECT 1+1 AS result
2025-06-23T08:38:51.950Z [INFO]: postgresDB Connected....
2025-06-23T08:38:51.951Z [INFO]: Database connected successfully.
2025-06-23T08:39:02.836Z [INFO]: OTP email sent to satyammittal1011@gmail.com: <3087189c-862c-7592-4ba1-c236ef0b18d8@gmail.com>
2025-06-23T08:39:03.514Z [INFO]: Executing (8a0ceb1a-faa2-473d-b240-94979e37fda4): START TRANSACTION;
2025-06-23T08:39:03.618Z [INFO]: Executing (8a0ceb1a-faa2-473d-b240-94979e37fda4): INSERT INTO "otps" ("id","email","otp","isVerified","createdAt","updatedAt") VALUES ($1,$2,$3,$4,$5,$6) RETURNING "id","email","otp","isVerified","createdAt","updatedAt";
2025-06-23T08:39:03.742Z [INFO]: Executing (8a0ceb1a-faa2-473d-b240-94979e37fda4): COMMIT;
2025-06-23T08:40:08.984Z [INFO]: Executing (default): SELECT 1+1 AS result
2025-06-23T08:40:09.078Z [INFO]: postgresDB Connected....
2025-06-23T08:40:09.078Z [INFO]: Database connected successfully.
2025-06-23T08:40:42.535Z [INFO]: OTP email sent to satyammittal1011@gmail.com: <8b0d5921-9f75-700b-4376-dca831448c1b@gmail.com>
2025-06-23T08:40:43.242Z [INFO]: Executing (5912dcee-9e3e-4352-9fcf-7055f9d5a80b): START TRANSACTION;
2025-06-23T08:40:43.345Z [INFO]: Executing (5912dcee-9e3e-4352-9fcf-7055f9d5a80b): INSERT INTO "otps" ("id","email","otp","isVerified","createdAt","updatedAt") VALUES ($1,$2,$3,$4,$5,$6) RETURNING "id","email","otp","isVerified","createdAt","updatedAt";
2025-06-23T08:40:43.447Z [INFO]: Executing (5912dcee-9e3e-4352-9fcf-7055f9d5a80b): COMMIT;
2025-06-23T08:42:08.264Z [INFO]: Executing (default): SELECT "id", "email", "otp", "isVerified", "createdAt", "updatedAt" FROM "otps" AS "otps" WHERE "otps"."email" = 'satyammittal1011@gmail.com' AND "otps"."otp" = '123456' LIMIT 1;
2025-06-23T08:44:39.819Z [INFO]: Executing (default): SELECT "id", "email", "otp", "isVerified", "createdAt", "updatedAt" FROM "otps" AS "otps" WHERE "otps"."email" = 'satyammittal1011@gmail.com' AND "otps"."otp" = '234566' LIMIT 1;
2025-06-23T08:44:56.261Z [INFO]: Executing (default): SELECT "id", "email", "otp", "isVerified", "createdAt", "updatedAt" FROM "otps" AS "otps" WHERE "otps"."email" = 'satyammittal1011@gmail.com' AND "otps"."otp" = '447081' LIMIT 1;
2025-06-23T08:44:56.359Z [INFO]: Executing (default): SELECT "id", "phoneNo", "name", "gender", "address", "dob", "email", "profilePic", "isVerified", "isBanned", "createdAt", "updatedAt" FROM "users" AS "users" WHERE "users"."email" = 'satyammittal1011@gmail.com' LIMIT 1;
2025-06-23T08:45:19.995Z [INFO]: Executing (default): SELECT 1+1 AS result
2025-06-23T08:45:20.088Z [INFO]: postgresDB Connected....
2025-06-23T08:45:20.089Z [INFO]: Database connected successfully.
2025-06-23T08:45:21.803Z [INFO]: Executing (default): SELECT "id", "email", "otp", "isVerified", "createdAt", "updatedAt" FROM "otps" AS "otps" WHERE "otps"."email" = 'satyammittal1011@gmail.com' AND "otps"."otp" = '447081' LIMIT 1;
2025-06-23T08:45:21.918Z [INFO]: Executing (default): SELECT "id", "phoneNo", "name", "gender", "address", "dob", "email", "profilePic", "isVerified", "isBanned", "createdAt", "updatedAt" FROM "users" AS "users" WHERE "users"."email" = 'satyammittal1011@gmail.com' LIMIT 1;
2025-06-23T08:51:49.234Z [INFO]: Executing (default): SELECT 1+1 AS result
2025-06-23T08:51:49.328Z [INFO]: postgresDB Connected....
2025-06-23T08:51:49.328Z [INFO]: Database connected successfully.
2025-06-23T08:51:50.015Z [INFO]: Cron job executed at: 2025-06-23T08:51:50.015Z
2025-06-23T08:51:55.015Z [INFO]: Cron job executed at: 2025-06-23T08:51:55.015Z
2025-06-23T08:52:00.015Z [INFO]: Cron job executed at: 2025-06-23T08:52:00.015Z
2025-06-23T08:52:05.013Z [INFO]: Cron job executed at: 2025-06-23T08:52:05.013Z
2025-06-23T08:52:10.012Z [INFO]: Cron job executed at: 2025-06-23T08:52:10.011Z
2025-06-23T08:52:15.013Z [INFO]: Cron job executed at: 2025-06-23T08:52:15.012Z
2025-06-23T08:52:20.013Z [INFO]: Cron job executed at: 2025-06-23T08:52:20.012Z
2025-06-23T08:52:27.250Z [INFO]: Executing (default): SELECT 1+1 AS result
2025-06-23T08:52:27.344Z [INFO]: postgresDB Connected....
2025-06-23T08:52:27.344Z [INFO]: Database connected successfully.
2025-06-23T08:52:30.014Z [INFO]: Cron job executed at: 2025-06-23T08:52:30.014Z
2025-06-23T08:52:40.014Z [INFO]: Cron job executed at: 2025-06-23T08:52:40.014Z
2025-06-23T08:52:50.011Z [INFO]: Cron job executed at: 2025-06-23T08:52:50.011Z
2025-06-23T08:53:00.012Z [INFO]: Cron job executed at: 2025-06-23T08:53:00.012Z
2025-06-23T08:53:10.013Z [INFO]: Cron job executed at: 2025-06-23T08:53:10.013Z
2025-06-23T08:53:20.013Z [INFO]: Cron job executed at: 2025-06-23T08:53:20.013Z
2025-06-23T08:53:30.015Z [INFO]: Cron job executed at: 2025-06-23T08:53:30.015Z
2025-06-23T08:53:32.991Z [INFO]: OTP email sent to satyammittal1011@gmail.com: <41127da9-07e5-ac1c-5ff9-40f3f1a685d2@gmail.com>
2025-06-23T08:53:33.677Z [INFO]: Executing (ddd11e6b-ec93-4196-a01d-00d9e1d7ff2b): START TRANSACTION;
2025-06-23T08:53:33.779Z [INFO]: Executing (ddd11e6b-ec93-4196-a01d-00d9e1d7ff2b): INSERT INTO "otps" ("id","email","otp","isVerified","createdAt","updatedAt") VALUES ($1,$2,$3,$4,$5,$6) RETURNING "id","email","otp","isVerified","createdAt","updatedAt";
2025-06-23T08:53:33.876Z [INFO]: Executing (ddd11e6b-ec93-4196-a01d-00d9e1d7ff2b): COMMIT;
2025-06-23T08:53:40.012Z [INFO]: Cron job executed at: 2025-06-23T08:53:40.012Z
2025-06-23T08:53:49.786Z [INFO]: Executing (default): SELECT "id", "email", "otp", "isVerified", "createdAt", "updatedAt" FROM "otps" AS "otps" WHERE "otps"."email" = 'satyammittal1011@gmail.com' AND "otps"."otp" = '100513' LIMIT 1;
2025-06-23T08:53:49.887Z [INFO]: Executing (default): SELECT "id", "phoneNo", "name", "gender", "address", "dob", "email", "profilePic", "isVerified", "isBanned", "createdAt", "updatedAt" FROM "users" AS "users" WHERE "users"."email" = 'satyammittal1011@gmail.com' LIMIT 1;
2025-06-23T08:53:50.014Z [INFO]: Cron job executed at: 2025-06-23T08:53:50.014Z
2025-06-23T08:54:00.012Z [INFO]: Cron job executed at: 2025-06-23T08:54:00.012Z
2025-06-23T08:54:10.010Z [INFO]: Cron job executed at: 2025-06-23T08:54:10.010Z
2025-06-23T08:54:20.013Z [INFO]: Cron job executed at: 2025-06-23T08:54:20.013Z
2025-06-23T08:54:30.011Z [INFO]: Cron job executed at: 2025-06-23T08:54:30.011Z
2025-06-23T08:54:40.013Z [INFO]: Cron job executed at: 2025-06-23T08:54:40.013Z
2025-06-23T08:54:50.024Z [INFO]: Cron job executed at: 2025-06-23T08:54:50.024Z
2025-06-23T08:55:00.015Z [INFO]: Cron job executed at: 2025-06-23T08:55:00.015Z
2025-06-23T08:55:10.017Z [INFO]: Cron job executed at: 2025-06-23T08:55:10.017Z
2025-06-23T08:55:20.013Z [INFO]: Cron job executed at: 2025-06-23T08:55:20.013Z
2025-06-23T08:55:30.013Z [INFO]: Cron job executed at: 2025-06-23T08:55:30.013Z
2025-06-23T08:55:40.013Z [INFO]: Cron job executed at: 2025-06-23T08:55:40.013Z
2025-06-23T08:55:50.013Z [INFO]: Cron job executed at: 2025-06-23T08:55:50.012Z
2025-06-23T08:56:00.015Z [INFO]: Cron job executed at: 2025-06-23T08:56:00.015Z
2025-06-23T08:56:10.010Z [INFO]: Cron job executed at: 2025-06-23T08:56:10.010Z
2025-06-23T08:56:20.011Z [INFO]: Cron job executed at: 2025-06-23T08:56:20.011Z
2025-06-23T08:56:30.009Z [INFO]: Cron job executed at: 2025-06-23T08:56:30.009Z
2025-06-23T08:56:40.012Z [INFO]: Cron job executed at: 2025-06-23T08:56:40.012Z
2025-06-23T08:56:50.013Z [INFO]: Cron job executed at: 2025-06-23T08:56:50.013Z
2025-06-23T08:57:00.009Z [INFO]: Cron job executed at: 2025-06-23T08:57:00.009Z
2025-06-23T08:57:07.544Z [INFO]: OTP email sent to satyammittal1011@gmail.com: <ef18bac1-7d49-7ece-2b68-db9b43418a2b@gmail.com>
2025-06-23T08:57:08.271Z [INFO]: Executing (7772c70d-7eb7-4560-a31f-975ce0982ebb): START TRANSACTION;
2025-06-23T08:57:08.373Z [INFO]: Executing (7772c70d-7eb7-4560-a31f-975ce0982ebb): INSERT INTO "otps" ("id","email","otp","isVerified","createdAt","updatedAt") VALUES ($1,$2,$3,$4,$5,$6) RETURNING "id","email","otp","isVerified","createdAt","updatedAt";
2025-06-23T08:57:08.473Z [INFO]: Executing (7772c70d-7eb7-4560-a31f-975ce0982ebb): COMMIT;
2025-06-23T08:57:10.011Z [INFO]: Cron job executed at: 2025-06-23T08:57:10.011Z
2025-06-23T08:57:20.012Z [INFO]: Cron job executed at: 2025-06-23T08:57:20.012Z
2025-06-23T08:57:30.012Z [INFO]: Cron job executed at: 2025-06-23T08:57:30.012Z
2025-06-23T08:57:40.012Z [INFO]: Cron job executed at: 2025-06-23T08:57:40.012Z
2025-06-23T08:57:44.192Z [INFO]: Executing (default): SELECT "id", "email", "otp", "isVerified", "createdAt", "updatedAt" FROM "otps" AS "otps" WHERE "otps"."email" = 'satyammittal1011@gmail.com' AND "otps"."otp" = '402368' LIMIT 1;
2025-06-23T08:57:44.287Z [INFO]: Executing (default): SELECT "id", "phoneNo", "name", "gender", "address", "dob", "email", "profilePic", "isVerified", "isBanned", "createdAt", "updatedAt" FROM "users" AS "users" WHERE "users"."email" = 'satyammittal1011@gmail.com' LIMIT 1;
2025-06-23T08:57:50.019Z [INFO]: Cron job executed at: 2025-06-23T08:57:50.019Z
2025-06-23T08:58:00.011Z [INFO]: Cron job executed at: 2025-06-23T08:58:00.011Z
2025-06-23T08:58:10.011Z [INFO]: Cron job executed at: 2025-06-23T08:58:10.011Z
2025-06-23T08:58:20.011Z [INFO]: Cron job executed at: 2025-06-23T08:58:20.011Z
2025-06-23T08:58:30.010Z [INFO]: Cron job executed at: 2025-06-23T08:58:30.010Z
2025-06-23T08:58:40.011Z [INFO]: Cron job executed at: 2025-06-23T08:58:40.011Z
2025-06-23T08:58:50.016Z [INFO]: Cron job executed at: 2025-06-23T08:58:50.016Z
2025-06-23T08:59:00.011Z [INFO]: Cron job executed at: 2025-06-23T08:59:00.011Z
2025-06-23T08:59:10.012Z [INFO]: Cron job executed at: 2025-06-23T08:59:10.012Z
2025-06-23T08:59:20.011Z [INFO]: Cron job executed at: 2025-06-23T08:59:20.011Z
2025-06-23T08:59:30.012Z [INFO]: Cron job executed at: 2025-06-23T08:59:30.012Z
2025-06-23T08:59:40.013Z [INFO]: Cron job executed at: 2025-06-23T08:59:40.013Z
2025-06-23T08:59:50.010Z [INFO]: Cron job executed at: 2025-06-23T08:59:50.010Z
2025-06-23T09:00:00.009Z [INFO]: Cron job executed at: 2025-06-23T09:00:00.008Z
2025-06-23T09:00:10.010Z [INFO]: Cron job executed at: 2025-06-23T09:00:10.010Z
2025-06-23T09:00:20.010Z [INFO]: Cron job executed at: 2025-06-23T09:00:20.010Z
2025-06-23T09:00:30.015Z [INFO]: Cron job executed at: 2025-06-23T09:00:30.015Z
2025-06-23T09:00:40.008Z [INFO]: Cron job executed at: 2025-06-23T09:00:40.008Z
2025-06-23T09:00:40.693Z [INFO]: Executing (default): SELECT "id", "userId", "title", "amount", "expenseDate", "category", "tag", "remarks", "createdAt", "updatedAt" FROM "expenses" AS "expenses" WHERE "expenses"."userId" = '9548313517' ORDER BY "expenses"."expenseDate" DESC;
2025-06-23T09:00:40.792Z [INFO]: Executing (default): SELECT "id", "userId", "title", "amount", "expenseDate", "category", "tag", "remarks", "createdAt", "updatedAt" FROM "expenses" AS "expenses" WHERE "expenses"."userId" = '9548313517' ORDER BY "expenses"."expenseDate" DESC;
2025-06-23T09:00:50.015Z [INFO]: Cron job executed at: 2025-06-23T09:00:50.014Z
2025-06-23T09:00:56.495Z [INFO]: Executing (default): SELECT "id", "userId", "title", "amount", "expenseDate", "category", "tag", "remarks", "createdAt", "updatedAt" FROM "expenses" AS "expenses" WHERE "expenses"."userId" = 'null' ORDER BY "expenses"."expenseDate" DESC;
2025-06-23T09:01:00.010Z [INFO]: Cron job executed at: 2025-06-23T09:01:00.010Z
2025-06-23T09:01:10.012Z [INFO]: Cron job executed at: 2025-06-23T09:01:10.012Z
2025-06-23T09:01:20.013Z [INFO]: Cron job executed at: 2025-06-23T09:01:20.012Z
2025-06-23T09:01:30.009Z [INFO]: Cron job executed at: 2025-06-23T09:01:30.009Z
2025-06-23T09:01:40.015Z [INFO]: Cron job executed at: 2025-06-23T09:01:40.015Z
2025-06-23T09:01:50.013Z [INFO]: Cron job executed at: 2025-06-23T09:01:50.013Z
2025-06-23T09:02:00.015Z [INFO]: Cron job executed at: 2025-06-23T09:02:00.015Z
2025-06-23T09:02:10.009Z [INFO]: Cron job executed at: 2025-06-23T09:02:10.009Z
2025-06-23T09:02:20.009Z [INFO]: Cron job executed at: 2025-06-23T09:02:20.009Z
2025-06-23T09:02:20.688Z [INFO]: Executing (default): SELECT "id", "userId", "title", "amount", "expenseDate", "category", "tag", "remarks", "createdAt", "updatedAt" FROM "expenses" AS "expenses" WHERE "expenses"."userId" = 'null' ORDER BY "expenses"."expenseDate" DESC;
2025-06-23T09:02:30.011Z [INFO]: Cron job executed at: 2025-06-23T09:02:30.011Z
2025-06-23T09:02:30.756Z [INFO]: Executing (default): SELECT "id", "userId", "title", "amount", "expenseDate", "category", "tag", "remarks", "createdAt", "updatedAt" FROM "expenses" AS "expenses" WHERE "expenses"."userId" = '9548313517' ORDER BY "expenses"."expenseDate" DESC;
2025-06-23T09:02:40.011Z [INFO]: Cron job executed at: 2025-06-23T09:02:40.011Z
2025-06-23T09:02:50.014Z [INFO]: Cron job executed at: 2025-06-23T09:02:50.014Z
2025-06-23T09:03:00.011Z [INFO]: Cron job executed at: 2025-06-23T09:03:00.011Z
2025-06-23T09:03:10.011Z [INFO]: Cron job executed at: 2025-06-23T09:03:10.011Z
2025-06-23T09:03:20.012Z [INFO]: Cron job executed at: 2025-06-23T09:03:20.011Z
2025-06-23T09:03:30.010Z [INFO]: Cron job executed at: 2025-06-23T09:03:30.010Z
2025-06-23T09:03:40.011Z [INFO]: Cron job executed at: 2025-06-23T09:03:40.011Z
2025-06-23T09:03:50.023Z [INFO]: Cron job executed at: 2025-06-23T09:03:50.023Z
2025-06-23T09:04:00.010Z [INFO]: Cron job executed at: 2025-06-23T09:04:00.010Z
2025-06-23T09:04:10.009Z [INFO]: Cron job executed at: 2025-06-23T09:04:10.009Z
2025-06-23T09:04:15.147Z [INFO]: Executing (default): SELECT "id", "userId", "title", "amount", "expenseDate", "category", "tag", "remarks", "createdAt", "updatedAt" FROM "expenses" AS "expenses" WHERE "expenses"."userId" = 'null' ORDER BY "expenses"."expenseDate" DESC;
2025-06-23T09:04:20.015Z [INFO]: Cron job executed at: 2025-06-23T09:04:20.015Z
2025-06-23T09:04:30.011Z [INFO]: Cron job executed at: 2025-06-23T09:04:30.011Z
2025-06-23T09:04:40.011Z [INFO]: Cron job executed at: 2025-06-23T09:04:40.011Z
2025-06-23T09:04:50.013Z [INFO]: Cron job executed at: 2025-06-23T09:04:50.013Z
2025-06-23T09:05:00.010Z [INFO]: Cron job executed at: 2025-06-23T09:05:00.010Z
2025-06-23T09:05:10.012Z [INFO]: Cron job executed at: 2025-06-23T09:05:10.012Z
2025-06-23T09:05:20.011Z [INFO]: Cron job executed at: 2025-06-23T09:05:20.011Z
2025-06-23T09:05:30.013Z [INFO]: Cron job executed at: 2025-06-23T09:05:30.013Z
2025-06-23T09:05:40.012Z [INFO]: Cron job executed at: 2025-06-23T09:05:40.012Z
2025-06-23T09:05:50.016Z [INFO]: Cron job executed at: 2025-06-23T09:05:50.016Z
2025-06-23T09:06:00.012Z [INFO]: Cron job executed at: 2025-06-23T09:06:00.012Z
2025-06-23T09:06:10.012Z [INFO]: Cron job executed at: 2025-06-23T09:06:10.012Z
2025-06-23T09:06:20.012Z [INFO]: Cron job executed at: 2025-06-23T09:06:20.012Z
2025-06-23T09:06:30.012Z [INFO]: Cron job executed at: 2025-06-23T09:06:30.012Z
2025-06-23T09:06:40.012Z [INFO]: Cron job executed at: 2025-06-23T09:06:40.012Z
2025-06-23T09:06:50.013Z [INFO]: Cron job executed at: 2025-06-23T09:06:50.013Z
2025-06-23T09:07:00.011Z [INFO]: Cron job executed at: 2025-06-23T09:07:00.011Z
2025-06-23T09:07:10.011Z [INFO]: Cron job executed at: 2025-06-23T09:07:10.011Z
2025-06-23T09:07:20.012Z [INFO]: Cron job executed at: 2025-06-23T09:07:20.012Z
2025-06-23T09:07:30.012Z [INFO]: Cron job executed at: 2025-06-23T09:07:30.012Z
2025-06-23T09:07:40.011Z [INFO]: Cron job executed at: 2025-06-23T09:07:40.011Z
2025-06-23T09:07:50.013Z [INFO]: Cron job executed at: 2025-06-23T09:07:50.013Z
2025-06-23T09:08:00.011Z [INFO]: Cron job executed at: 2025-06-23T09:08:00.011Z
2025-06-23T09:08:10.012Z [INFO]: Cron job executed at: 2025-06-23T09:08:10.012Z
2025-06-23T09:08:20.012Z [INFO]: Cron job executed at: 2025-06-23T09:08:20.012Z
2025-06-23T09:08:30.010Z [INFO]: Cron job executed at: 2025-06-23T09:08:30.010Z
2025-06-23T09:08:40.012Z [INFO]: Cron job executed at: 2025-06-23T09:08:40.012Z
2025-06-23T09:08:50.012Z [INFO]: Cron job executed at: 2025-06-23T09:08:50.012Z
2025-06-23T09:09:00.012Z [INFO]: Cron job executed at: 2025-06-23T09:09:00.012Z
2025-06-23T09:09:10.012Z [INFO]: Cron job executed at: 2025-06-23T09:09:10.011Z
2025-06-23T09:09:20.012Z [INFO]: Cron job executed at: 2025-06-23T09:09:20.012Z
2025-06-23T09:09:30.012Z [INFO]: Cron job executed at: 2025-06-23T09:09:30.012Z
2025-06-23T09:09:40.017Z [INFO]: Cron job executed at: 2025-06-23T09:09:40.017Z
2025-06-23T09:09:50.013Z [INFO]: Cron job executed at: 2025-06-23T09:09:50.013Z
2025-06-23T09:10:00.019Z [INFO]: Cron job executed at: 2025-06-23T09:10:00.019Z
2025-06-23T09:10:10.019Z [INFO]: Cron job executed at: 2025-06-23T09:10:10.019Z
2025-06-23T09:10:20.011Z [INFO]: Cron job executed at: 2025-06-23T09:10:20.011Z
2025-06-23T09:10:30.013Z [INFO]: Cron job executed at: 2025-06-23T09:10:30.013Z
2025-06-23T09:10:40.015Z [INFO]: Cron job executed at: 2025-06-23T09:10:40.015Z
2025-06-23T09:10:50.011Z [INFO]: Cron job executed at: 2025-06-23T09:10:50.011Z
2025-06-23T09:11:00.011Z [INFO]: Cron job executed at: 2025-06-23T09:11:00.011Z
2025-06-23T09:11:10.010Z [INFO]: Cron job executed at: 2025-06-23T09:11:10.010Z
2025-06-23T09:11:20.013Z [INFO]: Cron job executed at: 2025-06-23T09:11:20.013Z
2025-06-23T09:11:30.013Z [INFO]: Cron job executed at: 2025-06-23T09:11:30.013Z
2025-06-23T09:11:40.008Z [INFO]: Cron job executed at: 2025-06-23T09:11:40.008Z
2025-06-23T09:11:50.013Z [INFO]: Cron job executed at: 2025-06-23T09:11:50.013Z
2025-06-23T09:12:00.011Z [INFO]: Cron job executed at: 2025-06-23T09:12:00.011Z
2025-06-23T09:12:10.012Z [INFO]: Cron job executed at: 2025-06-23T09:12:10.012Z
2025-06-23T09:12:20.016Z [INFO]: Cron job executed at: 2025-06-23T09:12:20.016Z
2025-06-23T09:12:30.009Z [INFO]: Cron job executed at: 2025-06-23T09:12:30.009Z
2025-06-23T09:12:40.012Z [INFO]: Cron job executed at: 2025-06-23T09:12:40.012Z
2025-06-23T09:12:50.009Z [INFO]: Cron job executed at: 2025-06-23T09:12:50.009Z
2025-06-23T09:13:00.011Z [INFO]: Cron job executed at: 2025-06-23T09:13:00.011Z
2025-06-23T09:13:10.014Z [INFO]: Cron job executed at: 2025-06-23T09:13:10.014Z
2025-06-23T09:13:20.009Z [INFO]: Cron job executed at: 2025-06-23T09:13:20.009Z
2025-06-23T09:13:30.009Z [INFO]: Cron job executed at: 2025-06-23T09:13:30.009Z
2025-06-23T09:13:40.009Z [INFO]: Cron job executed at: 2025-06-23T09:13:40.009Z
2025-06-23T09:13:50.012Z [INFO]: Cron job executed at: 2025-06-23T09:13:50.012Z
2025-06-23T09:14:00.012Z [INFO]: Cron job executed at: 2025-06-23T09:14:00.012Z
2025-06-23T09:14:10.011Z [INFO]: Cron job executed at: 2025-06-23T09:14:10.011Z
2025-06-23T09:14:20.012Z [INFO]: Cron job executed at: 2025-06-23T09:14:20.012Z
2025-06-23T09:14:30.010Z [INFO]: Cron job executed at: 2025-06-23T09:14:30.010Z
2025-06-23T09:14:40.012Z [INFO]: Cron job executed at: 2025-06-23T09:14:40.012Z
2025-06-23T09:14:46.055Z [INFO]: Executing (default): SELECT "id", "userId", "title", "amount", "expenseDate", "category", "tag", "remarks", "createdAt", "updatedAt" FROM "expenses" AS "expenses" WHERE "expenses"."userId" = 'null' ORDER BY "expenses"."expenseDate" DESC;
2025-06-23T09:14:50.012Z [INFO]: Cron job executed at: 2025-06-23T09:14:50.012Z
2025-06-23T09:15:00.011Z [INFO]: Cron job executed at: 2025-06-23T09:15:00.011Z
2025-06-23T09:15:10.010Z [INFO]: Cron job executed at: 2025-06-23T09:15:10.010Z
2025-06-23T09:15:20.013Z [INFO]: Cron job executed at: 2025-06-23T09:15:20.013Z
2025-06-23T09:15:30.010Z [INFO]: Cron job executed at: 2025-06-23T09:15:30.010Z
2025-06-23T09:15:40.010Z [INFO]: Cron job executed at: 2025-06-23T09:15:40.010Z
2025-06-23T09:15:50.012Z [INFO]: Cron job executed at: 2025-06-23T09:15:50.012Z
2025-06-23T09:16:00.011Z [INFO]: Cron job executed at: 2025-06-23T09:16:00.011Z
2025-06-23T09:16:10.014Z [INFO]: Cron job executed at: 2025-06-23T09:16:10.014Z
2025-06-23T09:16:20.010Z [INFO]: Cron job executed at: 2025-06-23T09:16:20.010Z
2025-06-23T09:16:30.011Z [INFO]: Cron job executed at: 2025-06-23T09:16:30.011Z
2025-06-23T09:16:40.013Z [INFO]: Cron job executed at: 2025-06-23T09:16:40.013Z
2025-06-23T09:16:50.012Z [INFO]: Cron job executed at: 2025-06-23T09:16:50.012Z
2025-06-23T09:17:00.011Z [INFO]: Cron job executed at: 2025-06-23T09:17:00.011Z
2025-06-23T09:17:10.010Z [INFO]: Cron job executed at: 2025-06-23T09:17:10.010Z
2025-06-23T09:17:20.011Z [INFO]: Cron job executed at: 2025-06-23T09:17:20.011Z
2025-06-23T09:17:30.009Z [INFO]: Cron job executed at: 2025-06-23T09:17:30.009Z
2025-06-23T09:17:40.013Z [INFO]: Cron job executed at: 2025-06-23T09:17:40.013Z
2025-06-23T09:17:50.014Z [INFO]: Cron job executed at: 2025-06-23T09:17:50.014Z
2025-06-23T09:18:00.011Z [INFO]: Cron job executed at: 2025-06-23T09:18:00.011Z
2025-06-23T09:18:10.019Z [INFO]: Cron job executed at: 2025-06-23T09:18:10.019Z
2025-06-23T09:18:20.011Z [INFO]: Cron job executed at: 2025-06-23T09:18:20.011Z
2025-06-23T09:18:30.012Z [INFO]: Cron job executed at: 2025-06-23T09:18:30.012Z
2025-06-23T09:18:40.011Z [INFO]: Cron job executed at: 2025-06-23T09:18:40.011Z
2025-06-23T09:18:50.013Z [INFO]: Cron job executed at: 2025-06-23T09:18:50.013Z
2025-06-23T09:19:00.012Z [INFO]: Cron job executed at: 2025-06-23T09:19:00.012Z
2025-06-23T09:19:10.013Z [INFO]: Cron job executed at: 2025-06-23T09:19:10.013Z
2025-06-23T09:19:20.013Z [INFO]: Cron job executed at: 2025-06-23T09:19:20.013Z
2025-06-23T09:19:30.011Z [INFO]: Cron job executed at: 2025-06-23T09:19:30.011Z
2025-06-23T09:19:40.011Z [INFO]: Cron job executed at: 2025-06-23T09:19:40.011Z
2025-06-23T09:19:50.013Z [INFO]: Cron job executed at: 2025-06-23T09:19:50.013Z
2025-06-23T09:20:00.011Z [INFO]: Cron job executed at: 2025-06-23T09:20:00.011Z
2025-06-23T09:20:10.013Z [INFO]: Cron job executed at: 2025-06-23T09:20:10.013Z
2025-06-23T09:20:20.021Z [INFO]: Cron job executed at: 2025-06-23T09:20:20.020Z
2025-06-23T09:20:30.010Z [INFO]: Cron job executed at: 2025-06-23T09:20:30.010Z
2025-06-23T09:20:40.009Z [INFO]: Cron job executed at: 2025-06-23T09:20:40.009Z
2025-06-23T09:20:50.012Z [INFO]: Cron job executed at: 2025-06-23T09:20:50.012Z
2025-06-23T09:21:00.012Z [INFO]: Cron job executed at: 2025-06-23T09:21:00.012Z
2025-06-23T09:21:10.016Z [INFO]: Cron job executed at: 2025-06-23T09:21:10.016Z
2025-06-23T09:21:20.012Z [INFO]: Cron job executed at: 2025-06-23T09:21:20.012Z
2025-06-23T09:21:30.010Z [INFO]: Cron job executed at: 2025-06-23T09:21:30.010Z
2025-06-23T09:21:40.012Z [INFO]: Cron job executed at: 2025-06-23T09:21:40.012Z
2025-06-23T09:21:50.013Z [INFO]: Cron job executed at: 2025-06-23T09:21:50.013Z
2025-06-23T09:22:00.014Z [INFO]: Cron job executed at: 2025-06-23T09:22:00.014Z
2025-06-23T09:22:10.012Z [INFO]: Cron job executed at: 2025-06-23T09:22:10.012Z
2025-06-23T09:22:20.011Z [INFO]: Cron job executed at: 2025-06-23T09:22:20.011Z
2025-06-23T09:22:30.013Z [INFO]: Cron job executed at: 2025-06-23T09:22:30.012Z
2025-06-23T09:22:40.011Z [INFO]: Cron job executed at: 2025-06-23T09:22:40.011Z
2025-06-23T09:22:50.015Z [INFO]: Cron job executed at: 2025-06-23T09:22:50.015Z
2025-06-23T09:23:00.011Z [INFO]: Cron job executed at: 2025-06-23T09:23:00.011Z
2025-06-23T09:23:10.010Z [INFO]: Cron job executed at: 2025-06-23T09:23:10.010Z
2025-06-23T09:23:20.011Z [INFO]: Cron job executed at: 2025-06-23T09:23:20.011Z
2025-06-23T09:23:30.012Z [INFO]: Cron job executed at: 2025-06-23T09:23:30.012Z
2025-06-23T09:23:40.013Z [INFO]: Cron job executed at: 2025-06-23T09:23:40.013Z
2025-06-23T09:23:50.012Z [INFO]: Cron job executed at: 2025-06-23T09:23:50.012Z
2025-06-23T09:24:00.011Z [INFO]: Cron job executed at: 2025-06-23T09:24:00.011Z
2025-06-23T09:24:10.015Z [INFO]: Cron job executed at: 2025-06-23T09:24:10.015Z
2025-06-23T09:24:20.010Z [INFO]: Cron job executed at: 2025-06-23T09:24:20.010Z
2025-06-23T09:24:30.016Z [INFO]: Cron job executed at: 2025-06-23T09:24:30.016Z
2025-06-23T09:24:40.015Z [INFO]: Cron job executed at: 2025-06-23T09:24:40.015Z
2025-06-23T09:24:50.027Z [INFO]: Cron job executed at: 2025-06-23T09:24:50.027Z
2025-06-23T09:25:00.020Z [INFO]: Cron job executed at: 2025-06-23T09:25:00.020Z
2025-06-23T09:25:10.013Z [INFO]: Cron job executed at: 2025-06-23T09:25:10.013Z
2025-06-23T09:25:20.016Z [INFO]: Cron job executed at: 2025-06-23T09:25:20.016Z
2025-06-23T09:25:30.013Z [INFO]: Cron job executed at: 2025-06-23T09:25:30.013Z
2025-06-23T09:25:40.011Z [INFO]: Cron job executed at: 2025-06-23T09:25:40.011Z
2025-06-23T09:25:50.013Z [INFO]: Cron job executed at: 2025-06-23T09:25:50.013Z
2025-06-23T09:26:00.010Z [INFO]: Cron job executed at: 2025-06-23T09:26:00.009Z
2025-06-23T09:26:10.014Z [INFO]: Cron job executed at: 2025-06-23T09:26:10.014Z
2025-06-23T09:26:20.011Z [INFO]: Cron job executed at: 2025-06-23T09:26:20.011Z
2025-06-23T09:26:30.011Z [INFO]: Cron job executed at: 2025-06-23T09:26:30.011Z
2025-06-23T09:26:40.011Z [INFO]: Cron job executed at: 2025-06-23T09:26:40.011Z
2025-06-23T09:26:50.011Z [INFO]: Cron job executed at: 2025-06-23T09:26:50.010Z
2025-06-23T09:27:00.023Z [INFO]: Cron job executed at: 2025-06-23T09:27:00.023Z
2025-06-23T09:27:10.011Z [INFO]: Cron job executed at: 2025-06-23T09:27:10.011Z
2025-06-23T09:27:20.011Z [INFO]: Cron job executed at: 2025-06-23T09:27:20.011Z
2025-06-23T09:27:30.011Z [INFO]: Cron job executed at: 2025-06-23T09:27:30.011Z
2025-06-23T09:27:40.012Z [INFO]: Cron job executed at: 2025-06-23T09:27:40.012Z
2025-06-23T09:27:50.017Z [INFO]: Cron job executed at: 2025-06-23T09:27:50.017Z
2025-06-23T09:28:00.008Z [INFO]: Cron job executed at: 2025-06-23T09:28:00.008Z
2025-06-23T09:28:10.012Z [INFO]: Cron job executed at: 2025-06-23T09:28:10.012Z
2025-06-23T09:28:20.012Z [INFO]: Cron job executed at: 2025-06-23T09:28:20.012Z
2025-06-23T09:28:30.014Z [INFO]: Cron job executed at: 2025-06-23T09:28:30.014Z
2025-06-23T09:28:40.017Z [INFO]: Cron job executed at: 2025-06-23T09:28:40.017Z
2025-06-23T09:28:50.012Z [INFO]: Cron job executed at: 2025-06-23T09:28:50.011Z
2025-06-23T09:29:00.010Z [INFO]: Cron job executed at: 2025-06-23T09:29:00.010Z
2025-06-23T09:29:04.596Z [INFO]: Executing (default): SELECT "id", "userId", "title", "amount", "expenseDate", "category", "tag", "remarks", "createdAt", "updatedAt" FROM "expenses" AS "expenses" WHERE "expenses"."userId" = 'null' ORDER BY "expenses"."expenseDate" DESC;
2025-06-23T09:29:10.014Z [INFO]: Cron job executed at: 2025-06-23T09:29:10.014Z
2025-06-23T09:29:20.011Z [INFO]: Cron job executed at: 2025-06-23T09:29:20.010Z
2025-06-23T09:29:30.011Z [INFO]: Cron job executed at: 2025-06-23T09:29:30.011Z
2025-06-23T09:29:40.053Z [INFO]: Cron job executed at: 2025-06-23T09:29:40.052Z
2025-06-23T09:29:50.013Z [INFO]: Cron job executed at: 2025-06-23T09:29:50.013Z
2025-06-23T09:30:00.014Z [INFO]: Cron job executed at: 2025-06-23T09:30:00.014Z
2025-06-23T09:30:10.011Z [INFO]: Cron job executed at: 2025-06-23T09:30:10.011Z
2025-06-23T09:30:20.010Z [INFO]: Cron job executed at: 2025-06-23T09:30:20.010Z
2025-06-23T09:30:30.014Z [INFO]: Cron job executed at: 2025-06-23T09:30:30.013Z
2025-06-23T09:30:40.010Z [INFO]: Cron job executed at: 2025-06-23T09:30:40.010Z
2025-06-23T09:30:50.012Z [INFO]: Cron job executed at: 2025-06-23T09:30:50.012Z
2025-06-23T09:31:00.009Z [INFO]: Cron job executed at: 2025-06-23T09:31:00.009Z
2025-06-23T09:31:10.011Z [INFO]: Cron job executed at: 2025-06-23T09:31:10.011Z
2025-06-23T09:31:16.051Z [INFO]: Executing (default): SELECT "id", "userId", "title", "amount", "expenseDate", "category", "tag", "remarks", "createdAt", "updatedAt" FROM "expenses" AS "expenses" WHERE "expenses"."userId" = 'null' ORDER BY "expenses"."expenseDate" DESC;
2025-06-23T09:31:20.010Z [INFO]: Cron job executed at: 2025-06-23T09:31:20.009Z
2025-06-23T09:31:30.011Z [INFO]: Cron job executed at: 2025-06-23T09:31:30.011Z
2025-06-23T09:31:40.011Z [INFO]: Cron job executed at: 2025-06-23T09:31:40.011Z
2025-06-23T09:31:50.012Z [INFO]: Cron job executed at: 2025-06-23T09:31:50.012Z
2025-06-23T09:32:00.011Z [INFO]: Cron job executed at: 2025-06-23T09:32:00.011Z
2025-06-23T09:32:10.014Z [INFO]: Cron job executed at: 2025-06-23T09:32:10.014Z
2025-06-23T09:32:20.011Z [INFO]: Cron job executed at: 2025-06-23T09:32:20.011Z
2025-06-23T09:32:30.014Z [INFO]: Cron job executed at: 2025-06-23T09:32:30.014Z
2025-06-23T09:32:40.011Z [INFO]: Cron job executed at: 2025-06-23T09:32:40.011Z
2025-06-23T09:32:50.013Z [INFO]: Cron job executed at: 2025-06-23T09:32:50.013Z
2025-06-23T09:33:00.010Z [INFO]: Cron job executed at: 2025-06-23T09:33:00.010Z
2025-06-23T09:33:10.013Z [INFO]: Cron job executed at: 2025-06-23T09:33:10.013Z
2025-06-23T09:33:20.011Z [INFO]: Cron job executed at: 2025-06-23T09:33:20.011Z
2025-06-23T09:33:30.014Z [INFO]: Cron job executed at: 2025-06-23T09:33:30.014Z
2025-06-23T09:33:40.010Z [INFO]: Cron job executed at: 2025-06-23T09:33:40.010Z
2025-06-23T09:33:46.719Z [INFO]: Executing (default): SELECT "id", "userId", "title", "amount", "expenseDate", "category", "tag", "remarks", "createdAt", "updatedAt" FROM "expenses" AS "expenses" WHERE "expenses"."userId" = 'null' ORDER BY "expenses"."expenseDate" DESC;
2025-06-23T09:33:50.013Z [INFO]: Cron job executed at: 2025-06-23T09:33:50.013Z
2025-06-23T09:34:00.019Z [INFO]: Cron job executed at: 2025-06-23T09:34:00.019Z
2025-06-23T09:34:10.009Z [INFO]: Cron job executed at: 2025-06-23T09:34:10.009Z
2025-06-23T09:34:12.716Z [INFO]: Executing (default): SELECT "id", "userId", "title", "amount", "expenseDate", "category", "tag", "remarks", "createdAt", "updatedAt" FROM "expenses" AS "expenses" WHERE "expenses"."userId" = 'null' ORDER BY "expenses"."expenseDate" DESC;
2025-06-23T09:34:20.014Z [INFO]: Cron job executed at: 2025-06-23T09:34:20.013Z
2025-06-23T09:34:30.010Z [INFO]: Cron job executed at: 2025-06-23T09:34:30.010Z
2025-06-23T09:34:40.012Z [INFO]: Cron job executed at: 2025-06-23T09:34:40.012Z
2025-06-23T09:34:50.010Z [INFO]: Cron job executed at: 2025-06-23T09:34:50.010Z
2025-06-23T09:35:00.009Z [INFO]: Cron job executed at: 2025-06-23T09:35:00.009Z
2025-06-23T09:35:10.012Z [INFO]: Cron job executed at: 2025-06-23T09:35:10.012Z
2025-06-23T09:35:20.011Z [INFO]: Cron job executed at: 2025-06-23T09:35:20.011Z
2025-06-23T09:35:30.009Z [INFO]: Cron job executed at: 2025-06-23T09:35:30.009Z
2025-06-23T09:35:30.691Z [INFO]: Executing (default): SELECT "id", "userId", "title", "amount", "expenseDate", "category", "tag", "remarks", "createdAt", "updatedAt" FROM "expenses" AS "expenses" WHERE "expenses"."userId" = 'NEX00001' ORDER BY "expenses"."expenseDate" DESC;
2025-06-23T09:35:40.013Z [INFO]: Cron job executed at: 2025-06-23T09:35:40.013Z
2025-06-23T09:35:50.012Z [INFO]: Cron job executed at: 2025-06-23T09:35:50.012Z
